Unable to capture context for thread 11788 in process 8432, can not generate back trace
Unable to capture context for thread 6984 in process 8432, can not generate back trace
Exception at PC 0x00007FF903E53E49
Unable to capture context for thread 11788 in process 8432, can not generate back trace
Unable to capture context for thread 6984 in process 8432, can not generate back trace
Unable to capture context for thread 6916 in process 8432, can not generate back trace
Exception at PC 0x00007FF85E70BB93
Printing stacktrace...

Unable to capture context for thread 6916 in process 8432, can not generate back trace
Exception at PC 0x00007FF903E53E49
Exception at PC 0x00007FF903E53E49
Exception at PC 0x00007FF903E53E49
Exception at PC 0x00007FF903E53E49
Exception at PC 0x00007FF903E53E49
Exception at PC 0x00007FF903E53E49
Exception at PC 0x00007FF903E53E49
Exception at PC 0x00007FF903E53E49
Exception at PC 0x00007FF903E53E49
Exception at PC 0x00007FF903E53E49
Exception at PC 0x00007FF903E53E49
Exception at PC 0x00007FF903E53E49
Exception at PC 0x00007FF903E53E49
Exception at PC 0x00007FF903E53E49
Exception at PC 0x00007FF903E53E49
Exception at PC 0x00007FF903E53E49
Exception at PC 0x00007FF903E53E49
[0]  [0x00007FF85E70BB93]
[1]  [0x00007FF85E70BB93]
[2]  [0x00007FF85E70B4A1]
[3]  [0x00007FF85E70B3EF]
[4]  [0x00007FF85E6F19FE]
[5]  [0x00007FF85E6F0ED1]
[6]  [0x00007FF85E6F0D76]
[7]  [0x00007FF85E6979F6]
[8]  [0x00007FF85E687AFB]
[9]  [0x00007FF85E7AE90A]
[10]  [0x00007FF85E7C9F87]
[11]  [0x00007FF85E7CA05F]
[12] (BaseThreadInitThunk+0x14) [0x00007FF905ED6FD4]
[13] (RtlUserThreadStart+0x21) [0x00007FF9062DCEC1]
Done
