Copyright 1986-2016 Xilinx, Inc. All Rights Reserved.
----------------------------------------------------------------------------------------------
| Tool Version : Vivado v.2016.4 (win64) Build 1756540 Mon Jan 23 19:11:23 MST 2017
| Date         : Wed Jun 10 12:59:48 2020
| Host         : DESKTOP-MQ85KLP running 64-bit major release  (build 9200)
| Command      : report_clock_utilization -file design_1_wrapper_clock_utilization_routed.rpt
| Design       : design_1_wrapper
| Device       : 7a200t-sbg484
| Speed File   : -1  PRODUCTION 1.16 2016-11-09
----------------------------------------------------------------------------------------------

Clock Utilization Report

Table of Contents
-----------------
1. Clock Primitive Utilization
2. Global Clock Resources
3. Global Clock Source Details
4. Clock Regions: Key Resource Utilization
5. Clock Regions : Global Clock Summary
6. Cell Type Counts per Global Clock: Region X1Y0
7. Cell Type Counts per Global Clock: Region X1Y1
8. Cell Type Counts per Global Clock: Region X1Y2
9. Cell Type Counts per Global Clock: Region X1Y3
10. Load Cell Placement Summary for Global Clock g0
11. Load Cell Placement Summary for Global Clock g1
12. Load Cell Placement Summary for Global Clock g2
13. Load Cell Placement Summary for Global Clock g3
14. Load Cell Placement Summary for Global Clock g4
15. Load Cell Placement Summary for Global Clock g5

1. Clock Primitive Utilization
------------------------------

+----------+------+-----------+-----+--------------+--------+
| Type     | Used | Available | LOC | Clock Region | Pblock |
+----------+------+-----------+-----+--------------+--------+
| BUFGCTRL |    5 |        32 |   0 |            0 |      0 |
| BUFH     |    0 |       120 |   0 |            0 |      0 |
| BUFIO    |    1 |        40 |   0 |            0 |      0 |
| BUFMR    |    0 |        20 |   0 |            0 |      0 |
| BUFR     |    1 |        40 |   0 |            0 |      0 |
| MMCM     |    1 |        10 |   0 |            0 |      0 |
| PLL      |    2 |        10 |   0 |            0 |      0 |
+----------+------+-----------+-----+--------------+--------+


2. Global Clock Resources
-------------------------

+-----------+-----------+-----------------+------------+---------------+--------------+------+-------------------+-------------------+-------------+-----------------+--------------+----------+--------------------------------------------------------------------------+-------------------------------------------------------------------+
| Global Id | Source Id | Driver Type/Pin | Constraint | Site          | Clock Region | Root | Clock Delay Group | Load Clock Region | Clock Loads | Non-Clock Loads | Clock Period | Clock    | Driver Pin                                                               | Net                                                               |
+-----------+-----------+-----------------+------------+---------------+--------------+------+-------------------+-------------------+-------------+-----------------+--------------+----------+--------------------------------------------------------------------------+-------------------------------------------------------------------+
| g0        | src0      | BUFG/O          | None       | BUFGCTRL_X0Y3 | n/a          |      |                   |                 4 |        4918 |               0 |              |          | design_1_i/dvi2rgb_0/U0/GenerateBUFG.ResyncToBUFG_X/InstBUFG/O           | design_1_i/dvi2rgb_0/U0/GenerateBUFG.ResyncToBUFG_X/CLK           |
| g1        | src1      | BUFR/O          | None       | BUFR_X1Y9     | X1Y2         |      |                   |                 2 |         322 |               1 |              |          | design_1_i/dvi2rgb_0/U0/TMDS_ClockingX/PixelClkBuffer/O                  | design_1_i/dvi2rgb_0/U0/TMDS_ClockingX/PixelClk_int               |
| g2        | src2      | BUFG/O          | None       | BUFGCTRL_X0Y0 | n/a          |      |                   |                 1 |         162 |               0 |        5.000 | Multiple | design_1_i/clk_wiz_0/inst/clkout1_buf/O                                  | design_1_i/clk_wiz_0/inst/clk_out1                                |
| g3        | src3      | BUFG/O          | None       | BUFGCTRL_X0Y1 | n/a          |      |                   |                 1 |           8 |               0 |              |          | design_1_i/rgb2dvi_0/U0/ClockGenInternal.ClockGenX/PixelClk_BUFG_inst/O  | design_1_i/rgb2dvi_0/U0/ClockGenInternal.ClockGenX/PixelClk_BUFG  |
| g4        | src3      | BUFG/O          | None       | BUFGCTRL_X0Y2 | n/a          |      |                   |                 1 |           8 |               0 |              |          | design_1_i/rgb2dvi_0/U0/ClockGenInternal.ClockGenX/SerialClk_BUFG_inst/O | design_1_i/rgb2dvi_0/U0/ClockGenInternal.ClockGenX/SerialClk_BUFG |
| g5        | src2      | BUFG/O          | None       | BUFGCTRL_X0Y4 | n/a          |      |                   |                 1 |           1 |               0 |       10.000 | Multiple | design_1_i/clk_wiz_0/inst/clkf_buf/O                                     | design_1_i/clk_wiz_0/inst/clkfbout_buf_design_1_clk_wiz_0_0       |
+-----------+-----------+-----------------+------------+---------------+--------------+------+-------------------+-------------------+-------------+-----------------+--------------+----------+--------------------------------------------------------------------------+-------------------------------------------------------------------+
* Clock Loads column represents the clock pin loads (pin count)
** Non-Clock Loads column represents the non-clock pin loads (pin count)


3. Global Clock Source Details
------------------------------

+-----------+-----------+--------------------+------------+-----------------+--------------+-------------+-----------------+---------------------+--------------+------------------------------------------------------------------------------------+--------------------------------------------------------------+
| Source Id | Global Id | Driver Type/Pin    | Constraint | Site            | Clock Region | Clock Loads | Non-Clock Loads | Source Clock Period | Source Clock | Driver Pin                                                                         | Net                                                          |
+-----------+-----------+--------------------+------------+-----------------+--------------+-------------+-----------------+---------------------+--------------+------------------------------------------------------------------------------------+--------------------------------------------------------------+
| src0      | g0        | BUFR/O             | None       | BUFR_X1Y9       | X1Y2         |         365 |               0 |                     |              | design_1_i/dvi2rgb_0/U0/TMDS_ClockingX/PixelClkBuffer/O                            | design_1_i/dvi2rgb_0/U0/TMDS_ClockingX/PixelClk_int          |
| src1      | g1,       | MMCME2_ADV/CLKOUT0 | None       | MMCME2_ADV_X1Y2 | X1Y2         |           2 |               0 |                     |              | design_1_i/dvi2rgb_0/U0/TMDS_ClockingX/DVI_ClkGenerator/CLKOUT0                    | design_1_i/dvi2rgb_0/U0/TMDS_ClockingX/CLK_OUT_5x_hdmi_clk   |
| src2      | g2        | PLLE2_ADV/CLKOUT0  | None       | PLLE2_ADV_X1Y2  | X1Y2         |           1 |               0 |               5.000 | Multiple     | design_1_i/clk_wiz_0/inst/plle2_adv_inst/CLKOUT0                                   | design_1_i/clk_wiz_0/inst/clk_out1_design_1_clk_wiz_0_0      |
| src2      | g5        | PLLE2_ADV/CLKFBOUT | None       | PLLE2_ADV_X1Y2  | X1Y2         |           1 |               0 |              10.000 | Multiple     | design_1_i/clk_wiz_0/inst/plle2_adv_inst/CLKFBOUT                                  | design_1_i/clk_wiz_0/inst/clkfbout_design_1_clk_wiz_0_0      |
| src3      | g3        | PLLE2_ADV/CLKOUT1  | None       | PLLE2_ADV_X1Y0  | X1Y0         |           1 |               0 |                     |              | design_1_i/rgb2dvi_0/U0/ClockGenInternal.ClockGenX/GenPLL.DVI_ClkGenerator/CLKOUT1 | design_1_i/rgb2dvi_0/U0/ClockGenInternal.ClockGenX/PixelClk  |
| src3      | g4        | PLLE2_ADV/CLKOUT0  | None       | PLLE2_ADV_X1Y0  | X1Y0         |           1 |               0 |                     |              | design_1_i/rgb2dvi_0/U0/ClockGenInternal.ClockGenX/GenPLL.DVI_ClkGenerator/CLKOUT0 | design_1_i/rgb2dvi_0/U0/ClockGenInternal.ClockGenX/SerialClk |
+-----------+-----------+--------------------+------------+-----------------+--------------+-------------+-----------------+---------------------+--------------+------------------------------------------------------------------------------------+--------------------------------------------------------------+
* Clock Loads column represents the clock pin loads (pin count)
** Non-Clock Loads column represents the non-clock pin loads (pin count)


4. Clock Regions: Key Resource Utilization
------------------------------------------

+-------------------+--------------+--------------+--------------+--------------+--------------+--------------+--------------+--------------+--------------+--------------+--------------+--------------+--------------+--------------+--------------+
|                   | Global Clock |     BUFRs    |    BUFMRs    |    BUFIOs    |     MMCM     |      PLL     |      GT      |      PCI     |    ILOGIC    |    OLOGIC    |      FF      |     LUTM     |    RAMB18    |    RAMB36    |    DSP48E2   |
+-------------------+------+-------+------+-------+------+-------+------+-------+------+-------+------+-------+------+-------+------+-------+------+-------+------+-------+------+-------+------+-------+------+-------+------+-------+------+-------+
| Clock Region Name | Used | Avail | Used | Avail | Used | Avail | Used | Avail | Used | Avail | Used | Avail | Used | Avail | Used | Avail | Used | Avail | Used | Avail | Used | Avail | Used | Avail | Used | Avail | Used | Avail | Used | Avail |
+-------------------+------+-------+------+-------+------+-------+------+-------+------+-------+------+-------+------+-------+------+-------+------+-------+------+-------+------+-------+------+-------+------+-------+------+-------+------+-------+
| X0Y0              |    0 |    12 |    0 |     4 |    0 |     2 |    0 |     4 |    0 |     1 |    0 |     1 |    0 |     4 |    0 |     0 |    0 |    50 |    0 |    50 |    0 |  2700 |    0 |   800 |    0 |    60 |    0 |    30 |    0 |    60 |
| X1Y0              |    1 |    12 |    0 |     4 |    0 |     2 |    0 |     4 |    0 |     1 |    1 |     1 |    0 |     4 |    0 |     0 |    0 |    50 |    0 |    50 |    0 |  2500 |    0 |   800 |    0 |    40 |    0 |    20 |    0 |    40 |
| X0Y1              |    0 |    12 |    0 |     4 |    0 |     2 |    0 |     4 |    0 |     1 |    0 |     1 |    0 |     0 |    0 |     0 |    0 |    50 |    0 |    50 |    0 |  4200 |    0 |  1400 |    0 |   100 |    0 |    50 |    0 |   100 |
| X1Y1              |    1 |    12 |    0 |     4 |    0 |     2 |    0 |     4 |    0 |     1 |    0 |     1 |    0 |     0 |    0 |     0 |    0 |    50 |    0 |    50 |  473 |  4000 |  209 |  1400 |    1 |    80 |    0 |    40 |   14 |    80 |
| X0Y2              |    0 |    12 |    0 |     4 |    0 |     2 |    0 |     4 |    0 |     1 |    0 |     1 |    0 |     0 |    0 |     0 |    0 |    50 |    0 |    50 |    0 |  3600 |    0 |  1400 |    0 |   100 |    0 |    50 |    0 |   100 |
| X1Y2              |    7 |    12 |    1 |     4 |    0 |     2 |    1 |     4 |    0 |     1 |    1 |     1 |    0 |     0 |    0 |     0 |    6 |    50 |    8 |    50 | 4454 |  4000 | 1642 |  1400 |    2 |    80 |    1 |    40 |   25 |    80 |
| X0Y3              |    0 |    12 |    0 |     4 |    0 |     2 |    0 |     4 |    0 |     1 |    0 |     1 |    0 |     0 |    0 |     0 |    0 |    50 |    0 |    50 |    0 |  3600 |    0 |  1400 |    0 |   100 |    0 |    50 |    0 |   100 |
| X1Y3              |    1 |    12 |    0 |     4 |    0 |     2 |    0 |     4 |    0 |     1 |    0 |     1 |    0 |     0 |    0 |     0 |    0 |    50 |    0 |    50 |  369 |  4000 |  165 |  1400 |    0 |    80 |    1 |    40 |    0 |    80 |
| X0Y4              |    0 |    12 |    0 |     4 |    0 |     2 |    0 |     4 |    0 |     1 |    0 |     1 |    0 |     4 |    0 |     1 |    0 |    50 |    0 |    50 |    0 |  2550 |    0 |   750 |    0 |    50 |    0 |    25 |    0 |    60 |
| X1Y4              |    0 |    12 |    0 |     4 |    0 |     2 |    0 |     4 |    0 |     1 |    0 |     1 |    0 |     4 |    0 |     0 |    0 |    50 |    0 |    50 |    0 |  2500 |    0 |   800 |    0 |    40 |    0 |    20 |    0 |    40 |
+-------------------+------+-------+------+-------+------+-------+------+-------+------+-------+------+-------+------+-------+------+-------+------+-------+------+-------+------+-------+------+-------+------+-------+------+-------+------+-------+
* Global Clock column represents track count; while other columns represents cell counts


5. Clock Regions : Global Clock Summary
---------------------------------------

+----+----+----+
|    | X0 | X1 |
+----+----+----+
| Y4 |  0 |  0 |
| Y3 |  0 |  1 |
| Y2 |  0 |  7 |
| Y1 |  0 |  1 |
| Y0 |  0 |  1 |
+----+----+----+


6. Cell Type Counts per Global Clock: Region X1Y0
-------------------------------------------------

+-----------+-------+-----------------+------------+-------------+-----------------+----+--------+------+-----+----+------+-----+---------+---------------------------------------------------------+
| Global Id | Track | Driver Type/Pin | Constraint | Clock Loads | Non-Clock Loads | FF | LUTRAM | RAMB | DSP | GT | MMCM | PLL | Hard IP | Net                                                     |
+-----------+-------+-----------------+------------+-------------+-----------------+----+--------+------+-----+----+------+-----+---------+---------------------------------------------------------+
| g0        | n/a   | BUFG/O          | None       |           1 |               0 |  0 |      0 |    0 |   0 |  0 |    0 |   1 |       0 | design_1_i/dvi2rgb_0/U0/GenerateBUFG.ResyncToBUFG_X/CLK |
+-----------+-------+-----------------+------------+-------------+-----------------+----+--------+------+-----+----+------+-----+---------+---------------------------------------------------------+
* Clock Loads column represents the clock pin loads (pin count)
** Non-Clock Loads column represents the non-clock pin loads (pin count)
*** Columns FF, LUTRAM, RAMB through 'Hard IP' represents load cell counts


7. Cell Type Counts per Global Clock: Region X1Y1
-------------------------------------------------

+-----------+-------+-----------------+------------+-------------+-----------------+-----+--------+------+-----+----+------+-----+---------+---------------------------------------------------------+
| Global Id | Track | Driver Type/Pin | Constraint | Clock Loads | Non-Clock Loads | FF  | LUTRAM | RAMB | DSP | GT | MMCM | PLL | Hard IP | Net                                                     |
+-----------+-------+-----------------+------------+-------------+-----------------+-----+--------+------+-----+----+------+-----+---------+---------------------------------------------------------+
| g0        | n/a   | BUFG/O          | None       |         491 |               0 | 473 |      0 |    1 |  14 |  0 |    0 |   0 |       0 | design_1_i/dvi2rgb_0/U0/GenerateBUFG.ResyncToBUFG_X/CLK |
+-----------+-------+-----------------+------------+-------------+-----------------+-----+--------+------+-----+----+------+-----+---------+---------------------------------------------------------+
* Clock Loads column represents the clock pin loads (pin count)
** Non-Clock Loads column represents the non-clock pin loads (pin count)
*** Columns FF, LUTRAM, RAMB through 'Hard IP' represents load cell counts


8. Cell Type Counts per Global Clock: Region X1Y2
-------------------------------------------------

+-----------+-------+-----------------+------------+-------------+-----------------+------+--------+------+-----+----+------+-----+---------+-------------------------------------------------------------------+
| Global Id | Track | Driver Type/Pin | Constraint | Clock Loads | Non-Clock Loads | FF   | LUTRAM | RAMB | DSP | GT | MMCM | PLL | Hard IP | Net                                                               |
+-----------+-------+-----------------+------------+-------------+-----------------+------+--------+------+-----+----+------+-----+---------+-------------------------------------------------------------------+
| g0        | n/a   | BUFG/O          | None       |        4045 |               0 | 3986 |     28 |    3 |  25 |  0 |    0 |   0 |       0 | design_1_i/dvi2rgb_0/U0/GenerateBUFG.ResyncToBUFG_X/CLK           |
| g1        | n/a   | BUFR/O          | None       |         316 |               0 |  307 |      0 |    0 |   0 |  0 |    0 |   0 |       0 | design_1_i/dvi2rgb_0/U0/TMDS_ClockingX/PixelClk_int               |
| g2        | n/a   | BUFG/O          | None       |         162 |               0 |  161 |      0 |    0 |   0 |  0 |    0 |   0 |       0 | design_1_i/clk_wiz_0/inst/clk_out1                                |
| g3        | n/a   | BUFG/O          | None       |           8 |               0 |    0 |      0 |    0 |   0 |  0 |    0 |   0 |       0 | design_1_i/rgb2dvi_0/U0/ClockGenInternal.ClockGenX/PixelClk_BUFG  |
| g4        | n/a   | BUFG/O          | None       |           8 |               0 |    0 |      0 |    0 |   0 |  0 |    0 |   0 |       0 | design_1_i/rgb2dvi_0/U0/ClockGenInternal.ClockGenX/SerialClk_BUFG |
| g5        | n/a   | BUFG/O          | None       |           1 |               0 |    0 |      0 |    0 |   0 |  0 |    0 |   1 |       0 | design_1_i/clk_wiz_0/inst/clkfbout_buf_design_1_clk_wiz_0_0       |
+-----------+-------+-----------------+------------+-------------+-----------------+------+--------+------+-----+----+------+-----+---------+-------------------------------------------------------------------+
* Clock Loads column represents the clock pin loads (pin count)
** Non-Clock Loads column represents the non-clock pin loads (pin count)
*** Columns FF, LUTRAM, RAMB through 'Hard IP' represents load cell counts


9. Cell Type Counts per Global Clock: Region X1Y3
-------------------------------------------------

+-----------+-------+-----------------+------------+-------------+-----------------+-----+--------+------+-----+----+------+-----+---------+---------------------------------------------------------+
| Global Id | Track | Driver Type/Pin | Constraint | Clock Loads | Non-Clock Loads | FF  | LUTRAM | RAMB | DSP | GT | MMCM | PLL | Hard IP | Net                                                     |
+-----------+-------+-----------------+------------+-------------+-----------------+-----+--------+------+-----+----+------+-----+---------+---------------------------------------------------------+
| g0        | n/a   | BUFG/O          | None       |         370 |               0 | 369 |      0 |    1 |   0 |  0 |    0 |   0 |       0 | design_1_i/dvi2rgb_0/U0/GenerateBUFG.ResyncToBUFG_X/CLK |
+-----------+-------+-----------------+------------+-------------+-----------------+-----+--------+------+-----+----+------+-----+---------+---------------------------------------------------------+
* Clock Loads column represents the clock pin loads (pin count)
** Non-Clock Loads column represents the non-clock pin loads (pin count)
*** Columns FF, LUTRAM, RAMB through 'Hard IP' represents load cell counts


10. Load Cell Placement Summary for Global Clock g0
---------------------------------------------------

+-----------+-----------------+-------------------+-------+-------------+---------------+----------+-------------+----------+----------------+----------+---------------------------------------------------------+
| Global Id | Driver Type/Pin | Driver Region (D) | Clock | Period (ns) | Waveform (ns) | Root (R) | Slice Loads | IO Loads | Clocking Loads | GT Loads | Net                                                     |
+-----------+-----------------+-------------------+-------+-------------+---------------+----------+-------------+----------+----------------+----------+---------------------------------------------------------+
| g0        | BUFG/O          | n/a               |       |             |               |          |        4906 |        0 |              1 |        0 | design_1_i/dvi2rgb_0/U0/GenerateBUFG.ResyncToBUFG_X/CLK |
+-----------+-----------------+-------------------+-------+-------------+---------------+----------+-------------+----------+----------------+----------+---------------------------------------------------------+
* Slice Loads column represents load cell count of all cell types other than IO, GT and clock resources
** IO Loads column represents load cell count of IO types
*** Clocking Loads column represents load cell count that are clock resources (global clock buffer, MMCM, PLL, etc)
**** GT Loads column represents load cell count of GT types


+----+----+-------+
|    | X0 | X1    |
+----+----+-------+
| Y4 |  0 |     0 |
| Y3 |  0 |   370 |
| Y2 |  0 |  4045 |
| Y1 |  0 |   491 |
| Y0 |  0 |     1 |
+----+----+-------+


11. Load Cell Placement Summary for Global Clock g1
---------------------------------------------------

+-----------+-----------------+-------------------+-------+-------------+---------------+----------+-------------+----------+----------------+----------+-----------------------------------------------------+
| Global Id | Driver Type/Pin | Driver Region (D) | Clock | Period (ns) | Waveform (ns) | Root (R) | Slice Loads | IO Loads | Clocking Loads | GT Loads | Net                                                 |
+-----------+-----------------+-------------------+-------+-------------+---------------+----------+-------------+----------+----------------+----------+-----------------------------------------------------+
| g1        | BUFR/O          | X1Y2              |       |             |               |          |         310 |        6 |              1 |        0 | design_1_i/dvi2rgb_0/U0/TMDS_ClockingX/PixelClk_int |
+-----------+-----------------+-------------------+-------+-------------+---------------+----------+-------------+----------+----------------+----------+-----------------------------------------------------+
* Slice Loads column represents load cell count of all cell types other than IO, GT and clock resources
** IO Loads column represents load cell count of IO types
*** Clocking Loads column represents load cell count that are clock resources (global clock buffer, MMCM, PLL, etc)
**** GT Loads column represents load cell count of GT types


+----+----+----------+
|    | X0 | X1       |
+----+----+----------+
| Y4 |  0 |        0 |
| Y3 |  0 |        0 |
| Y2 |  0 |  (D) 316 |
| Y1 |  0 |        0 |
| Y0 |  0 |        0 |
+----+----+----------+


12. Load Cell Placement Summary for Global Clock g2
---------------------------------------------------

+-----------+-----------------+-------------------+----------+-------------+---------------+----------+-------------+----------+----------------+----------+------------------------------------+
| Global Id | Driver Type/Pin | Driver Region (D) | Clock    | Period (ns) | Waveform (ns) | Root (R) | Slice Loads | IO Loads | Clocking Loads | GT Loads | Net                                |
+-----------+-----------------+-------------------+----------+-------------+---------------+----------+-------------+----------+----------------+----------+------------------------------------+
| g2        | BUFG/O          | n/a               | Multiple |       5.000 | {0.000 2.500} |          |         162 |        0 |              0 |        0 | design_1_i/clk_wiz_0/inst/clk_out1 |
+-----------+-----------------+-------------------+----------+-------------+---------------+----------+-------------+----------+----------------+----------+------------------------------------+
* Slice Loads column represents load cell count of all cell types other than IO, GT and clock resources
** IO Loads column represents load cell count of IO types
*** Clocking Loads column represents load cell count that are clock resources (global clock buffer, MMCM, PLL, etc)
**** GT Loads column represents load cell count of GT types


+----+----+------+
|    | X0 | X1   |
+----+----+------+
| Y4 |  0 |    0 |
| Y3 |  0 |    0 |
| Y2 |  0 |  162 |
| Y1 |  0 |    0 |
| Y0 |  0 |    0 |
+----+----+------+


13. Load Cell Placement Summary for Global Clock g3
---------------------------------------------------

+-----------+-----------------+-------------------+-------+-------------+---------------+----------+-------------+----------+----------------+----------+------------------------------------------------------------------+
| Global Id | Driver Type/Pin | Driver Region (D) | Clock | Period (ns) | Waveform (ns) | Root (R) | Slice Loads | IO Loads | Clocking Loads | GT Loads | Net                                                              |
+-----------+-----------------+-------------------+-------+-------------+---------------+----------+-------------+----------+----------------+----------+------------------------------------------------------------------+
| g3        | BUFG/O          | n/a               |       |             |               |          |           0 |        8 |              0 |        0 | design_1_i/rgb2dvi_0/U0/ClockGenInternal.ClockGenX/PixelClk_BUFG |
+-----------+-----------------+-------------------+-------+-------------+---------------+----------+-------------+----------+----------------+----------+------------------------------------------------------------------+
* Slice Loads column represents load cell count of all cell types other than IO, GT and clock resources
** IO Loads column represents load cell count of IO types
*** Clocking Loads column represents load cell count that are clock resources (global clock buffer, MMCM, PLL, etc)
**** GT Loads column represents load cell count of GT types


+----+----+----+
|    | X0 | X1 |
+----+----+----+
| Y4 |  0 |  0 |
| Y3 |  0 |  0 |
| Y2 |  0 |  8 |
| Y1 |  0 |  0 |
| Y0 |  0 |  0 |
+----+----+----+


14. Load Cell Placement Summary for Global Clock g4
---------------------------------------------------

+-----------+-----------------+-------------------+-------+-------------+---------------+----------+-------------+----------+----------------+----------+-------------------------------------------------------------------+
| Global Id | Driver Type/Pin | Driver Region (D) | Clock | Period (ns) | Waveform (ns) | Root (R) | Slice Loads | IO Loads | Clocking Loads | GT Loads | Net                                                               |
+-----------+-----------------+-------------------+-------+-------------+---------------+----------+-------------+----------+----------------+----------+-------------------------------------------------------------------+
| g4        | BUFG/O          | n/a               |       |             |               |          |           0 |        8 |              0 |        0 | design_1_i/rgb2dvi_0/U0/ClockGenInternal.ClockGenX/SerialClk_BUFG |
+-----------+-----------------+-------------------+-------+-------------+---------------+----------+-------------+----------+----------------+----------+-------------------------------------------------------------------+
* Slice Loads column represents load cell count of all cell types other than IO, GT and clock resources
** IO Loads column represents load cell count of IO types
*** Clocking Loads column represents load cell count that are clock resources (global clock buffer, MMCM, PLL, etc)
**** GT Loads column represents load cell count of GT types


+----+----+----+
|    | X0 | X1 |
+----+----+----+
| Y4 |  0 |  0 |
| Y3 |  0 |  0 |
| Y2 |  0 |  8 |
| Y1 |  0 |  0 |
| Y0 |  0 |  0 |
+----+----+----+


15. Load Cell Placement Summary for Global Clock g5
---------------------------------------------------

+-----------+-----------------+-------------------+----------+-------------+---------------+----------+-------------+----------+----------------+----------+-------------------------------------------------------------+
| Global Id | Driver Type/Pin | Driver Region (D) | Clock    | Period (ns) | Waveform (ns) | Root (R) | Slice Loads | IO Loads | Clocking Loads | GT Loads | Net                                                         |
+-----------+-----------------+-------------------+----------+-------------+---------------+----------+-------------+----------+----------------+----------+-------------------------------------------------------------+
| g5        | BUFG/O          | n/a               | Multiple |      10.000 | {0.000 5.000} |          |           0 |        0 |              1 |        0 | design_1_i/clk_wiz_0/inst/clkfbout_buf_design_1_clk_wiz_0_0 |
+-----------+-----------------+-------------------+----------+-------------+---------------+----------+-------------+----------+----------------+----------+-------------------------------------------------------------+
* Slice Loads column represents load cell count of all cell types other than IO, GT and clock resources
** IO Loads column represents load cell count of IO types
*** Clocking Loads column represents load cell count that are clock resources (global clock buffer, MMCM, PLL, etc)
**** GT Loads column represents load cell count of GT types


+----+----+----+
|    | X0 | X1 |
+----+----+----+
| Y4 |  0 |  0 |
| Y3 |  0 |  0 |
| Y2 |  0 |  1 |
| Y1 |  0 |  0 |
| Y0 |  0 |  0 |
+----+----+----+



# Location of BUFG Primitives 
set_property LOC BUFGCTRL_X0Y2 [get_cells design_1_i/rgb2dvi_0/U0/ClockGenInternal.ClockGenX/SerialClk_BUFG_inst]
set_property LOC BUFGCTRL_X0Y1 [get_cells design_1_i/rgb2dvi_0/U0/ClockGenInternal.ClockGenX/PixelClk_BUFG_inst]
set_property LOC BUFGCTRL_X0Y3 [get_cells design_1_i/dvi2rgb_0/U0/GenerateBUFG.ResyncToBUFG_X/InstBUFG]
set_property LOC BUFGCTRL_X0Y4 [get_cells design_1_i/clk_wiz_0/inst/clkf_buf]
set_property LOC BUFGCTRL_X0Y0 [get_cells design_1_i/clk_wiz_0/inst/clkout1_buf]

# Location of BUFIO Primitives 
set_property LOC BUFIO_X1Y10 [get_cells design_1_i/dvi2rgb_0/U0/TMDS_ClockingX/SerialClkBuffer]

# Location of BUFR Primitives 
set_property LOC BUFR_X1Y9 [get_cells design_1_i/dvi2rgb_0/U0/TMDS_ClockingX/PixelClkBuffer]

# Location of IO Primitives which is load of clock spine

# Location of clock ports
set_property LOC IOB_X1Y125 [get_ports hdmi_in_clk_n]
set_property LOC IOB_X1Y126 [get_ports hdmi_in_clk_p]
set_property LOC IOB_X1Y124 [get_ports sys_clock]

# Clock net "design_1_i/rgb2dvi_0/U0/ClockGenInternal.ClockGenX/SerialClk_BUFG" driven by instance "design_1_i/rgb2dvi_0/U0/ClockGenInternal.ClockGenX/SerialClk_BUFG_inst" located at site "BUFGCTRL_X0Y2"
#startgroup
create_pblock {CLKAG_design_1_i/rgb2dvi_0/U0/ClockGenInternal.ClockGenX/SerialClk_BUFG}
add_cells_to_pblock [get_pblocks  {CLKAG_design_1_i/rgb2dvi_0/U0/ClockGenInternal.ClockGenX/SerialClk_BUFG}] [get_cells -filter { PRIMITIVE_GROUP != I/O && IS_PRIMITIVE==1 && PRIMITIVE_LEVEL !=INTERNAL } -of_object [get_pins -filter {DIRECTION==IN} -of_objects [get_nets -hierarchical -filter {PARENT=="design_1_i/rgb2dvi_0/U0/ClockGenInternal.ClockGenX/SerialClk_BUFG"}]]]
resize_pblock [get_pblocks {CLKAG_design_1_i/rgb2dvi_0/U0/ClockGenInternal.ClockGenX/SerialClk_BUFG}] -add {CLOCKREGION_X1Y2:CLOCKREGION_X1Y2}
#endgroup

# Clock net "design_1_i/rgb2dvi_0/U0/ClockGenInternal.ClockGenX/PixelClk_BUFG" driven by instance "design_1_i/rgb2dvi_0/U0/ClockGenInternal.ClockGenX/PixelClk_BUFG_inst" located at site "BUFGCTRL_X0Y1"
#startgroup
create_pblock {CLKAG_design_1_i/rgb2dvi_0/U0/ClockGenInternal.ClockGenX/PixelClk_BUFG}
add_cells_to_pblock [get_pblocks  {CLKAG_design_1_i/rgb2dvi_0/U0/ClockGenInternal.ClockGenX/PixelClk_BUFG}] [get_cells -filter { PRIMITIVE_GROUP != I/O && IS_PRIMITIVE==1 && PRIMITIVE_LEVEL !=INTERNAL } -of_object [get_pins -filter {DIRECTION==IN} -of_objects [get_nets -hierarchical -filter {PARENT=="design_1_i/rgb2dvi_0/U0/ClockGenInternal.ClockGenX/PixelClk_BUFG"}]]]
resize_pblock [get_pblocks {CLKAG_design_1_i/rgb2dvi_0/U0/ClockGenInternal.ClockGenX/PixelClk_BUFG}] -add {CLOCKREGION_X1Y2:CLOCKREGION_X1Y2}
#endgroup

# Clock net "design_1_i/dvi2rgb_0/U0/TMDS_ClockingX/PixelClk_int" driven by instance "design_1_i/dvi2rgb_0/U0/TMDS_ClockingX/PixelClkBuffer" located at site "BUFR_X1Y9"
#startgroup
create_pblock {CLKAG_design_1_i/dvi2rgb_0/U0/TMDS_ClockingX/PixelClk_int}
add_cells_to_pblock [get_pblocks  {CLKAG_design_1_i/dvi2rgb_0/U0/TMDS_ClockingX/PixelClk_int}] [get_cells -filter { PRIMITIVE_GROUP != I/O && IS_PRIMITIVE==1 && PRIMITIVE_LEVEL !=INTERNAL && NAME!=design_1_i/dvi2rgb_0/U0/GenerateBUFG.ResyncToBUFG_X/InstBUFG} -of_object [get_pins -filter {DIRECTION==IN} -of_objects [get_nets -hierarchical -filter {PARENT=="design_1_i/dvi2rgb_0/U0/TMDS_ClockingX/PixelClk_int"}]]]
resize_pblock [get_pblocks {CLKAG_design_1_i/dvi2rgb_0/U0/TMDS_ClockingX/PixelClk_int}] -add {CLOCKREGION_X1Y2:CLOCKREGION_X1Y2}
#endgroup

# Clock net "design_1_i/dvi2rgb_0/U0/GenerateBUFG.ResyncToBUFG_X/CLK" driven by instance "design_1_i/dvi2rgb_0/U0/GenerateBUFG.ResyncToBUFG_X/InstBUFG" located at site "BUFGCTRL_X0Y3"
#startgroup
create_pblock {CLKAG_design_1_i/dvi2rgb_0/U0/GenerateBUFG.ResyncToBUFG_X/CLK}
add_cells_to_pblock [get_pblocks  {CLKAG_design_1_i/dvi2rgb_0/U0/GenerateBUFG.ResyncToBUFG_X/CLK}] [get_cells -filter { PRIMITIVE_GROUP != I/O && IS_PRIMITIVE==1 && PRIMITIVE_LEVEL !=INTERNAL && NAME!=design_1_i/rgb2dvi_0/U0/ClockGenInternal.ClockGenX/GenPLL.DVI_ClkGenerator} -of_object [get_pins -filter {DIRECTION==IN} -of_objects [get_nets -hierarchical -filter {PARENT=="design_1_i/dvi2rgb_0/U0/GenerateBUFG.ResyncToBUFG_X/CLK"}]]]
resize_pblock [get_pblocks {CLKAG_design_1_i/dvi2rgb_0/U0/GenerateBUFG.ResyncToBUFG_X/CLK}] -add {CLOCKREGION_X1Y1:CLOCKREGION_X1Y1 CLOCKREGION_X1Y2:CLOCKREGION_X1Y2 CLOCKREGION_X1Y3:CLOCKREGION_X1Y3}
#endgroup

# Clock net "design_1_i/clk_wiz_0/inst/clk_out1" driven by instance "design_1_i/clk_wiz_0/inst/clkout1_buf" located at site "BUFGCTRL_X0Y0"
#startgroup
create_pblock {CLKAG_design_1_i/clk_wiz_0/inst/clk_out1}
add_cells_to_pblock [get_pblocks  {CLKAG_design_1_i/clk_wiz_0/inst/clk_out1}] [get_cells -filter { PRIMITIVE_GROUP != I/O && IS_PRIMITIVE==1 && PRIMITIVE_LEVEL !=INTERNAL } -of_object [get_pins -filter {DIRECTION==IN} -of_objects [get_nets -hierarchical -filter {PARENT=="design_1_i/clk_wiz_0/inst/clk_out1"}]]]
resize_pblock [get_pblocks {CLKAG_design_1_i/clk_wiz_0/inst/clk_out1}] -add {CLOCKREGION_X1Y2:CLOCKREGION_X1Y2}
#endgroup
