Unable to capture context for thread 6492 in process 8404, can not generate back trace
Exception at PC 0x00007FFCB0263E49
Unable to capture context for thread 11648 in process 8404, can not generate back trace
Unable to capture context for thread 2284 in process 8404, can not generate back trace
Exception at PC 0x00007FFC0754BB93
Printing stacktrace...

Unable to capture context for thread 11648 in process 8404, can not generate back trace
Unable to capture context for thread 2284 in process 8404, can not generate back trace
Exception at PC 0x00007FFCB0263E49
Exception at PC 0x00007FFCB0263E49
Exception at PC 0x00007FFCB0263E49
Exception at PC 0x00007FFCB0263E49
Exception at PC 0x00007FFCB0263E49
Exception at PC 0x00007FFCB0263E49
Exception at PC 0x00007FFCB0263E49
Exception at PC 0x00007FFCB0263E49
Exception at PC 0x00007FFCB0263E49
Exception at PC 0x00007FFCB0263E49
Exception at PC 0x00007FFCB0263E49
Exception at PC 0x00007FFCB0263E49
Exception at PC 0x00007FFCB0263E49
Exception at PC 0x00007FFCB0263E49
Exception at PC 0x00007FFCB0263E49
[0]  [0x00007FFC0754BB93]
[1]  [0x00007FFC0754BB93]
[2]  [0x00007FFC0754B4A1]
[3]  [0x00007FFC0754B3EF]
[4]  [0x00007FFC075319FE]
[5]  [0x00007FFC07530ED1]
[6]  [0x00007FFC07530D76]
[7]  [0x00007FFC074D79F6]
[8]  [0x00007FFC074C7AFB]
[9]  [0x00007FFC075EE90A]
[10]  [0x00007FFC07609F87]
[11]  [0x00007FFC0760A05F]
[12] (BaseThreadInitThunk+0x14) [0x00007FFCB1946FD4]
[13] (RtlUserThreadStart+0x21) [0x00007FFCB285CEC1]
Done
Exception at PC 0x00007FFCB0263E49
Exception at PC 0x00007FFCB0263E49
