Copyright 1986-2016 Xilinx, Inc. All Rights Reserved.
------------------------------------------------------------------------------------
| Tool Version : Vivado v.2016.4 (win64) Build 1756540 Mon Jan 23 19:11:23 MST 2017
| Date         : Sat Jun 13 18:59:37 2020
| Host         : DESKTOP-MQ85KLP running 64-bit major release  (build 9200)
| Command      : upgrade_ip
| Device       : xc7a200tsbg484-1
------------------------------------------------------------------------------------

Upgrade Log for IP 'design_1_top_mine_0_0'

1. Summary
----------

SUCCESS in the update of design_1_top_mine_0_0 (xilinx.com:user:top_mine:1.0 (Rev. 2)) to current project options.






Copyright 1986-2016 Xilinx, Inc. All Rights Reserved.
------------------------------------------------------------------------------------
| Tool Version : Vivado v.2016.4 (win64) Build 1756540 Mon Jan 23 19:11:23 MST 2017
| Date         : Sat Jun 13 18:42:25 2020
| Host         : DESKTOP-MQ85KLP running 64-bit major release  (build 9200)
| Command      : upgrade_ip
| Device       : xc7a200tsbg484-1
------------------------------------------------------------------------------------

Upgrade Log for IP 'design_1_top_mine_0_0'

1. Summary
----------

SUCCESS in the update of design_1_top_mine_0_0 (xilinx.com:user:top_mine:1.0 (Rev. 2)) to current project options.






Copyright 1986-2016 Xilinx, Inc. All Rights Reserved.
------------------------------------------------------------------------------------
| Tool Version : Vivado v.2016.4 (win64) Build 1756540 Mon Jan 23 19:11:23 MST 2017
| Date         : Sat Jun 13 16:37:29 2020
| Host         : DESKTOP-MQ85KLP running 64-bit major release  (build 9200)
| Command      : upgrade_ip
| Device       : xc7a200tsbg484-1
------------------------------------------------------------------------------------

Upgrade Log for IP 'design_1_top_mine_0_0'

1. Summary
----------

CAUTION (success, with warnings) in the update of design_1_top_mine_0_0 (xilinx.com:user:top_mine:1.0 (Rev. 2)) to current project options.

After upgrade, an IP may have parameter and port differences compared to the original customization. Please review the parameters within the IP customization GUI to ensure proper functionality. Also, please review the updated IP instantiation template to ensure proper connectivity, and update your design if required.

2. Connection Warnings
----------------------

Detected external port differences while upgrading 'design_1_top_mine_0_0'. These changes may impact your design.


-Upgrade has added port 'sw'







Copyright 1986-2016 Xilinx, Inc. All Rights Reserved.
------------------------------------------------------------------------------------
| Tool Version : Vivado v.2016.4 (win64) Build 1756540 Mon Jan 23 19:11:23 MST 2017
| Date         : Sat Jun 13 16:13:14 2020
| Host         : DESKTOP-MQ85KLP running 64-bit major release  (build 9200)
| Command      : upgrade_ip
| Device       : xc7a200tsbg484-1
------------------------------------------------------------------------------------

Upgrade Log for IP 'design_1_top_mine_0_0'

1. Summary
----------

SUCCESS in the update of design_1_top_mine_0_0 (xilinx.com:user:top_mine:1.0 (Rev. 2)) to current project options.






Copyright 1986-2016 Xilinx, Inc. All Rights Reserved.
------------------------------------------------------------------------------------
| Tool Version : Vivado v.2016.4 (win64) Build 1756540 Mon Jan 23 19:11:23 MST 2017
| Date         : Sat Jun 13 15:53:12 2020
| Host         : DESKTOP-MQ85KLP running 64-bit major release  (build 9200)
| Command      : upgrade_ip
| Device       : xc7a200tsbg484-1
------------------------------------------------------------------------------------

Upgrade Log for IP 'design_1_top_mine_0_0'

1. Summary
----------

SUCCESS in the update of design_1_top_mine_0_0 (xilinx.com:user:top_mine:1.0 (Rev. 2)) to current project options.






Copyright 1986-2016 Xilinx, Inc. All Rights Reserved.
------------------------------------------------------------------------------------
| Tool Version : Vivado v.2016.4 (win64) Build 1756540 Mon Jan 23 19:11:23 MST 2017
| Date         : Sat Jun 13 15:32:57 2020
| Host         : DESKTOP-MQ85KLP running 64-bit major release  (build 9200)
| Command      : upgrade_ip
| Device       : xc7a200tsbg484-1
------------------------------------------------------------------------------------

Upgrade Log for IP 'design_1_top_mine_0_0'

1. Summary
----------

SUCCESS in the update of design_1_top_mine_0_0 (xilinx.com:user:top_mine:1.0 (Rev. 2)) to current project options.






Copyright 1986-2016 Xilinx, Inc. All Rights Reserved.
------------------------------------------------------------------------------------
| Tool Version : Vivado v.2016.4 (win64) Build 1756540 Mon Jan 23 19:11:23 MST 2017
| Date         : Sat Jun 13 15:20:00 2020
| Host         : DESKTOP-MQ85KLP running 64-bit major release  (build 9200)
| Command      : upgrade_ip
| Device       : xc7a200tsbg484-1
------------------------------------------------------------------------------------

Upgrade Log for IP 'design_1_top_mine_0_0'

1. Summary
----------

CAUTION (success, with warnings) in the update of design_1_top_mine_0_0 (xilinx.com:user:top_mine:1.0 (Rev. 2)) to current project options.

After upgrade, an IP may have parameter and port differences compared to the original customization. Please review the parameters within the IP customization GUI to ensure proper functionality. Also, please review the updated IP instantiation template to ensure proper connectivity, and update your design if required.

2. Connection Warnings
----------------------

Detected external port differences while upgrading 'design_1_top_mine_0_0'. These changes may impact your design.


-Upgraded port order differs after port 'hdmi_tx_p'







Copyright 1986-2016 Xilinx, Inc. All Rights Reserved.
------------------------------------------------------------------------------------
| Tool Version : Vivado v.2016.4 (win64) Build 1756540 Mon Jan 23 19:11:23 MST 2017
| Date         : Sat Jun 13 15:04:10 2020
| Host         : DESKTOP-MQ85KLP running 64-bit major release  (build 9200)
| Command      : upgrade_ip
| Device       : xc7a200tsbg484-1
------------------------------------------------------------------------------------

Upgrade Log for IP 'design_1_top_mine_0_0'

1. Summary
----------

SUCCESS in the update of design_1_top_mine_0_0 (xilinx.com:user:top_mine:1.0 (Rev. 2)) to current project options.






Copyright 1986-2016 Xilinx, Inc. All Rights Reserved.
------------------------------------------------------------------------------------
| Tool Version : Vivado v.2016.4 (win64) Build 1756540 Mon Jan 23 19:11:23 MST 2017
| Date         : Sat Jun 13 14:55:12 2020
| Host         : DESKTOP-MQ85KLP running 64-bit major release  (build 9200)
| Command      : upgrade_ip
| Device       : xc7a200tsbg484-1
------------------------------------------------------------------------------------

Upgrade Log for IP 'design_1_top_mine_0_0'

1. Summary
----------

SUCCESS in the update of design_1_top_mine_0_0 (xilinx.com:user:top_mine:1.0 (Rev. 2)) to current project options.






Copyright 1986-2016 Xilinx, Inc. All Rights Reserved.
------------------------------------------------------------------------------------
| Tool Version : Vivado v.2016.4 (win64) Build 1756540 Mon Jan 23 19:11:23 MST 2017
| Date         : Sat Jun 13 14:30:52 2020
| Host         : DESKTOP-MQ85KLP running 64-bit major release  (build 9200)
| Command      : upgrade_ip
| Device       : xc7a200tsbg484-1
------------------------------------------------------------------------------------

Upgrade Log for IP 'design_1_top_mine_0_0'

1. Summary
----------

SUCCESS in the update of design_1_top_mine_0_0 (xilinx.com:user:top_mine:1.0 (Rev. 2)) to current project options.






Copyright 1986-2016 Xilinx, Inc. All Rights Reserved.
------------------------------------------------------------------------------------
| Tool Version : Vivado v.2016.4 (win64) Build 1756540 Mon Jan 23 19:11:23 MST 2017
| Date         : Sat Jun 13 14:17:54 2020
| Host         : DESKTOP-MQ85KLP running 64-bit major release  (build 9200)
| Command      : upgrade_ip
| Device       : xc7a200tsbg484-1
------------------------------------------------------------------------------------

Upgrade Log for IP 'design_1_top_mine_0_0'

1. Summary
----------

SUCCESS in the update of design_1_top_mine_0_0 (xilinx.com:user:top_mine:1.0 (Rev. 2)) to current project options.






Copyright 1986-2016 Xilinx, Inc. All Rights Reserved.
------------------------------------------------------------------------------------
| Tool Version : Vivado v.2016.4 (win64) Build 1756540 Mon Jan 23 19:11:23 MST 2017
| Date         : Sat Jun 13 14:07:34 2020
| Host         : DESKTOP-MQ85KLP running 64-bit major release  (build 9200)
| Command      : upgrade_ip
| Device       : xc7a200tsbg484-1
------------------------------------------------------------------------------------

Upgrade Log for IP 'design_1_top_mine_0_0'

1. Summary
----------

SUCCESS in the update of design_1_top_mine_0_0 (xilinx.com:user:top_mine:1.0 (Rev. 2)) to current project options.






Copyright 1986-2016 Xilinx, Inc. All Rights Reserved.
------------------------------------------------------------------------------------
| Tool Version : Vivado v.2016.4 (win64) Build 1756540 Mon Jan 23 19:11:23 MST 2017
| Date         : Sat Jun 13 13:57:48 2020
| Host         : DESKTOP-MQ85KLP running 64-bit major release  (build 9200)
| Command      : upgrade_ip
| Device       : xc7a200tsbg484-1
------------------------------------------------------------------------------------

Upgrade Log for IP 'design_1_top_mine_0_0'

1. Summary
----------

SUCCESS in the update of design_1_top_mine_0_0 (xilinx.com:user:top_mine:1.0 (Rev. 2)) to current project options.






Copyright 1986-2016 Xilinx, Inc. All Rights Reserved.
------------------------------------------------------------------------------------
| Tool Version : Vivado v.2016.4 (win64) Build 1756540 Mon Jan 23 19:11:23 MST 2017
| Date         : Sat Jun 13 13:43:46 2020
| Host         : DESKTOP-MQ85KLP running 64-bit major release  (build 9200)
| Command      : upgrade_ip
| Device       : xc7a200tsbg484-1
------------------------------------------------------------------------------------

Upgrade Log for IP 'design_1_top_mine_0_0'

1. Summary
----------

SUCCESS in the update of design_1_top_mine_0_0 (xilinx.com:user:top_mine:1.0 (Rev. 2)) to current project options.






Copyright 1986-2016 Xilinx, Inc. All Rights Reserved.
------------------------------------------------------------------------------------
| Tool Version : Vivado v.2016.4 (win64) Build 1756540 Mon Jan 23 19:11:23 MST 2017
| Date         : Sat Jun 13 13:36:37 2020
| Host         : DESKTOP-MQ85KLP running 64-bit major release  (build 9200)
| Command      : upgrade_ip
| Device       : xc7a200tsbg484-1
------------------------------------------------------------------------------------

Upgrade Log for IP 'design_1_top_mine_0_0'

1. Summary
----------

SUCCESS in the update of design_1_top_mine_0_0 (xilinx.com:user:top_mine:1.0 (Rev. 2)) to current project options.






Copyright 1986-2016 Xilinx, Inc. All Rights Reserved.
------------------------------------------------------------------------------------
| Tool Version : Vivado v.2016.4 (win64) Build 1756540 Mon Jan 23 19:11:23 MST 2017
| Date         : Sat Jun 13 13:34:02 2020
| Host         : DESKTOP-MQ85KLP running 64-bit major release  (build 9200)
| Command      : upgrade_ip
| Device       : xc7a200tsbg484-1
------------------------------------------------------------------------------------

Upgrade Log for IP 'design_1_top_mine_0_0'

1. Summary
----------

SUCCESS in the update of design_1_top_mine_0_0 (xilinx.com:user:top_mine:1.0 (Rev. 2)) to current project options.






Copyright 1986-2016 Xilinx, Inc. All Rights Reserved.
------------------------------------------------------------------------------------
| Tool Version : Vivado v.2016.4 (win64) Build 1756540 Mon Jan 23 19:11:23 MST 2017
| Date         : Sat Jun 13 13:20:29 2020
| Host         : DESKTOP-MQ85KLP running 64-bit major release  (build 9200)
| Command      : upgrade_ip
| Device       : xc7a200tsbg484-1
------------------------------------------------------------------------------------

Upgrade Log for IP 'design_1_top_mine_0_0'

1. Summary
----------

SUCCESS in the upgrade of design_1_top_mine_0_0 (xilinx.com:user:top_mine:1.0) from (Rev. 3) to (Rev. 2)






Copyright 1986-2016 Xilinx, Inc. All Rights Reserved.
------------------------------------------------------------------------------------
| Tool Version : Vivado v.2016.4 (win64) Build 1756540 Mon Jan 23 19:11:23 MST 2017
| Date         : Sat Jun 13 13:03:01 2020
| Host         : DESKTOP-MQ85KLP running 64-bit major release  (build 9200)
| Command      : upgrade_ip
| Device       : xc7a200tsbg484-1
------------------------------------------------------------------------------------

Upgrade Log for IP 'design_1_top_mine_0_0'

1. Summary
----------

SUCCESS in the upgrade of design_1_top_mine_0_0 (xilinx.com:user:top_mine:1.0) from (Rev. 2) to (Rev. 3)






Copyright 1986-2016 Xilinx, Inc. All Rights Reserved.
------------------------------------------------------------------------------------
| Tool Version : Vivado v.2016.4 (win64) Build 1756540 Mon Jan 23 19:11:23 MST 2017
| Date         : Sat Jun 13 12:35:42 2020
| Host         : DESKTOP-MQ85KLP running 64-bit major release  (build 9200)
| Command      : upgrade_ip
| Device       : xc7a200tsbg484-1
------------------------------------------------------------------------------------

Upgrade Log for IP 'design_1_top_mine_0_0'

1. Summary
----------

SUCCESS in the update of design_1_top_mine_0_0 (xilinx.com:user:top_mine:1.0 (Rev. 2)) to current project options.






Copyright 1986-2016 Xilinx, Inc. All Rights Reserved.
------------------------------------------------------------------------------------
| Tool Version : Vivado v.2016.4 (win64) Build 1756540 Mon Jan 23 19:11:23 MST 2017
| Date         : Sat Jun 13 12:19:41 2020
| Host         : DESKTOP-MQ85KLP running 64-bit major release  (build 9200)
| Command      : upgrade_ip
| Device       : xc7a200tsbg484-1
------------------------------------------------------------------------------------

Upgrade Log for IP 'design_1_top_mine_0_0'

1. Summary
----------

SUCCESS in the update of design_1_top_mine_0_0 (xilinx.com:user:top_mine:1.0 (Rev. 2)) to current project options.






Copyright 1986-2016 Xilinx, Inc. All Rights Reserved.
------------------------------------------------------------------------------------
| Tool Version : Vivado v.2016.4 (win64) Build 1756540 Mon Jan 23 19:11:23 MST 2017
| Date         : Sat Jun 13 11:38:36 2020
| Host         : DESKTOP-MQ85KLP running 64-bit major release  (build 9200)
| Command      : upgrade_ip
| Device       : xc7a200tsbg484-1
------------------------------------------------------------------------------------

Upgrade Log for IP 'design_1_top_mine_0_0'

1. Summary
----------

SUCCESS in the update of design_1_top_mine_0_0 (xilinx.com:user:top_mine:1.0 (Rev. 2)) to current project options.






Copyright 1986-2016 Xilinx, Inc. All Rights Reserved.
------------------------------------------------------------------------------------
| Tool Version : Vivado v.2016.4 (win64) Build 1756540 Mon Jan 23 19:11:23 MST 2017
| Date         : Sat Jun 13 11:28:48 2020
| Host         : DESKTOP-MQ85KLP running 64-bit major release  (build 9200)
| Command      : upgrade_ip
| Device       : xc7a200tsbg484-1
------------------------------------------------------------------------------------

Upgrade Log for IP 'design_1_top_mine_0_0'

1. Summary
----------

SUCCESS in the update of design_1_top_mine_0_0 (xilinx.com:user:top_mine:1.0 (Rev. 2)) to current project options.

