#-----------------------------------------------------------
# Vivado v2016.4 (64-bit)
# SW Build 1756540 on Mon Jan 23 19:11:23 MST 2017
# IP Build 1755317 on Mon Jan 23 20:30:07 MST 2017
# Start of session at: Tue Jun 16 08:57:02 2020
# Process ID: 7564
# Current directory: E:/STUDIA/PUF/puf_projekt_main/puf_project/niegotowiec
# Command line: vivado.exe -gui_launcher_event rodinguilauncherevent9084 E:\STUDIA\PUF\puf_projekt_main\puf_project\niegotowiec\niegotowiec.xpr
# Log file: E:/STUDIA/PUF/puf_projekt_main/puf_project/niegotowiec/vivado.log
# Journal file: E:/STUDIA/PUF/puf_projekt_main/puf_project/niegotowiec\vivado.jou
#-----------------------------------------------------------
start_gui
open_project E:/STUDIA/PUF/puf_projekt_main/puf_project/niegotowiec/niegotowiec.xpr
INFO: [Project 1-313] Project file moved from 'E:/STUDIA/PUF/niegotowiec' since last save.
Scanning sources...
Finished scanning sources
INFO: [IP_Flow 19-234] Refreshing IP repositories
INFO: [IP_Flow 19-1700] Loaded user IP repository 'e:/STUDIA/PUF/puf_projekt_main/puf_project/hdmi1'.
INFO: [IP_Flow 19-2313] Loaded Vivado IP repository 'C:/Xilinx/Vivado/2016.4/data/ip'.
open_project: Time (s): cpu = 00:00:09 ; elapsed = 00:00:07 . Memory (MB): peak = 784.188 ; gain = 138.648
