

================================================================
== Vivado HLS Report for 'AddWeighted'
================================================================
* Date:           Sun May  3 00:01:01 2020

* Version:        2019.2 (Build 2698951 on Thu Oct 24 19:15:34 MDT 2019)
* Project:        puf
* Solution:       solution1
* Product family: artix7
* Target device:  xc7a200t-sbg484-1


================================================================
== Performance Estimates
================================================================
+ Timing: 
    * Summary: 
    +--------+----------+----------+------------+
    |  Clock |  Target  | Estimated| Uncertainty|
    +--------+----------+----------+------------+
    |ap_clk  | 10.00 ns | 8.390 ns |   1.25 ns  |
    +--------+----------+----------+------------+

+ Latency: 
    * Summary: 
    +---------+---------+-----------+----------+-----+--------+---------+
    |  Latency (cycles) |  Latency (absolute)  |   Interval   | Pipeline|
    |   min   |   max   |    min    |    max   | min |   max  |   Type  |
    +---------+---------+-----------+----------+-----+--------+---------+
    |        1|   943921| 10.000 ns | 9.439 ms |    1|  943921|   none  |
    +---------+---------+-----------+----------+-----+--------+---------+

    + Detail: 
        * Instance: 
        N/A

        * Loop: 
        +---------------+---------+---------+----------+-----------+-----------+----------+----------+
        |               |  Latency (cycles) | Iteration|  Initiation Interval  |   Trip   |          |
        |   Loop Name   |   min   |   max   |  Latency |  achieved |   target  |   Count  | Pipelined|
        +---------------+---------+---------+----------+-----------+-----------+----------+----------+
        |- loop_height  |        0|   943920| 3 ~ 1311 |          -|          -|  0 ~ 720 |    no    |
        | + loop_width  |        0|     1308|        30|          1|          1| 0 ~ 1280 |    yes   |
        +---------------+---------+---------+----------+-----------+-----------+----------+----------+



================================================================
== Utilization Estimates
================================================================
* Summary: 
+-----------------+---------+-------+--------+--------+-----+
|       Name      | BRAM_18K| DSP48E|   FF   |   LUT  | URAM|
+-----------------+---------+-------+--------+--------+-----+
|DSP              |        -|      -|       -|       -|    -|
|Expression       |        -|      -|       0|    1468|    -|
|FIFO             |        -|      -|       -|       -|    -|
|Instance         |        -|     28|    2476|    2946|    -|
|Memory           |        -|      -|       -|       -|    -|
|Multiplexer      |        -|      -|       -|     144|    -|
|Register         |        0|      -|    1191|     128|    -|
+-----------------+---------+-------+--------+--------+-----+
|Total            |        0|     28|    3667|    4686|    0|
+-----------------+---------+-------+--------+--------+-----+
|Available        |      730|    740|  269200|  134600|    0|
+-----------------+---------+-------+--------+--------+-----+
|Utilization (%)  |        0|      3|       1|       3|    0|
+-----------------+---------+-------+--------+--------+-----+

+ Detail: 
    * Instance: 
    +--------------------------+----------------------+---------+-------+-----+-----+-----+
    |         Instance         |        Module        | BRAM_18K| DSP48E|  FF | LUT | URAM|
    +--------------------------+----------------------+---------+-------+-----+-----+-----+
    |image_filter_daddpcA_U73  |image_filter_daddpcA  |        0|      3|  509|  817|    0|
    |image_filter_daddpcA_U74  |image_filter_daddpcA  |        0|      3|  509|  817|    0|
    |image_filter_dmulqcK_U75  |image_filter_dmulqcK  |        0|     11|  317|  204|    0|
    |image_filter_dmulqcK_U76  |image_filter_dmulqcK  |        0|     11|  317|  204|    0|
    |image_filter_uitorcU_U77  |image_filter_uitorcU  |        0|      0|  412|  452|    0|
    |image_filter_uitorcU_U78  |image_filter_uitorcU  |        0|      0|  412|  452|    0|
    +--------------------------+----------------------+---------+-------+-----+-----+-----+
    |Total                     |                      |        0|     28| 2476| 2946|    0|
    +--------------------------+----------------------+---------+-------+-----+-----+-----+

    * DSP48E: 
    N/A

    * Memory: 
    N/A

    * FIFO: 
    N/A

    * Expression: 
    +------------------------------------+----------+-------+---+-----+------------+------------+
    |            Variable Name           | Operation| DSP48E| FF| LUT | Bitwidth P0| Bitwidth P1|
    +------------------------------------+----------+-------+---+-----+------------+------------+
    |add_ln591_fu_516_p2                 |     +    |      0|  0|   19|           2|          12|
    |i_V_fu_315_p2                       |     +    |      0|  0|   39|          32|           1|
    |j_V_fu_326_p2                       |     +    |      0|  0|   39|          32|           1|
    |p_Val2_16_fu_552_p2                 |     +    |      0|  0|   15|           8|           8|
    |pos1_fu_568_p2                      |     +    |      0|  0|   19|           4|          12|
    |pos2_fu_577_p2                      |     +    |      0|  0|   19|           4|          12|
    |F2_fu_409_p2                        |     -    |      0|  0|   19|          11|          12|
    |man_V_1_fu_397_p2                   |     -    |      0|  0|   61|           1|          54|
    |sub_ln581_fu_421_p2                 |     -    |      0|  0|   19|           1|          12|
    |Range1_all_ones_1_fu_626_p2         |    and   |      0|  0|    2|           1|           1|
    |Range1_all_ones_fu_827_p2           |    and   |      0|  0|    2|           1|           1|
    |and_ln340_1_fu_1015_p2              |    and   |      0|  0|    2|           1|           1|
    |and_ln340_fu_948_p2                 |    and   |      0|  0|    2|           1|           1|
    |and_ln403_1_fu_729_p2               |    and   |      0|  0|    2|           1|           1|
    |and_ln403_fu_713_p2                 |    and   |      0|  0|    2|           1|           1|
    |and_ln428_1_fu_971_p2               |    and   |      0|  0|    2|           1|           1|
    |and_ln428_fu_939_p2                 |    and   |      0|  0|    2|           1|           1|
    |and_ln557_fu_916_p2                 |    and   |      0|  0|    2|           1|           1|
    |and_ln571_fu_981_p2                 |    and   |      0|  0|    2|           1|           1|
    |and_ln581_fu_563_p2                 |    and   |      0|  0|    2|           1|           1|
    |and_ln603_1_fu_775_p2               |    and   |      0|  0|    2|           1|           1|
    |and_ln603_2_fu_781_p2               |    and   |      0|  0|    2|           1|           1|
    |and_ln603_fu_751_p2                 |    and   |      0|  0|    2|           1|           1|
    |and_ln621_2_fu_905_p2               |    and   |      0|  0|    2|           1|           1|
    |and_ln621_3_fu_911_p2               |    and   |      0|  0|    2|           1|           1|
    |and_ln621_fu_620_p2                 |    and   |      0|  0|    2|           1|           1|
    |and_ln631_fu_800_p2                 |    and   |      0|  0|    2|           1|           1|
    |and_ln639_fu_823_p2                 |    and   |      0|  0|    2|           1|           1|
    |and_ln641_fu_842_p2                 |    and   |      0|  0|    2|           1|           1|
    |and_ln642_fu_680_p2                 |    and   |      0|  0|    2|           1|           1|
    |and_ln654_fu_888_p2                 |    and   |      0|  0|    2|           1|           1|
    |ap_block_state32_pp0_stage0_iter29  |    and   |      0|  0|    2|           1|           1|
    |ashr_ln586_fu_478_p2                |   ashr   |      0|  0|  162|          54|          54|
    |ashr_ln623_fu_610_p2                |   ashr   |      0|  0|  162|          54|          54|
    |Range1_all_zeros_1_fu_662_p2        |   icmp   |      0|  0|   29|          54|           1|
    |Range2_all_ones_fu_810_p2           |   icmp   |      0|  0|   29|          54|          54|
    |icmp_ln354_fu_310_p2                |   icmp   |      0|  0|   18|          32|          32|
    |icmp_ln355_fu_321_p2                |   icmp   |      0|  0|   18|          32|          32|
    |icmp_ln571_fu_403_p2                |   icmp   |      0|  0|   29|          63|           1|
    |icmp_ln581_fu_415_p2                |   icmp   |      0|  0|   13|          12|           1|
    |icmp_ln582_fu_435_p2                |   icmp   |      0|  0|   13|          11|          11|
    |icmp_ln585_fu_469_p2                |   icmp   |      0|  0|   13|          12|           6|
    |icmp_ln591_fu_511_p2                |   icmp   |      0|  0|   13|          12|           6|
    |icmp_ln603_fu_451_p2                |   icmp   |      0|  0|   13|           9|           1|
    |icmp_ln621_fu_586_p2                |   icmp   |      0|  0|   13|          12|           6|
    |icmp_ln631_fu_640_p2                |   icmp   |      0|  0|   13|          12|           6|
    |icmp_ln641_fu_832_p2                |   icmp   |      0|  0|   29|          54|           1|
    |icmp_ln642_fu_656_p2                |   icmp   |      0|  0|   13|          12|           6|
    |icmp_ln833_fu_357_p2                |   icmp   |      0|  0|   13|          11|           2|
    |icmp_ln837_fu_363_p2                |   icmp   |      0|  0|   29|          52|           1|
    |Range2_V_1_fu_650_p2                |   lshr   |      0|  0|  162|          54|          54|
    |r_V_fu_805_p2                       |   lshr   |      0|  0|  162|           2|          54|
    |ap_block_pp0_stage0_01001           |    or    |      0|  0|    2|           1|           1|
    |ap_block_state1                     |    or    |      0|  0|    2|           1|           1|
    |ap_block_state4_pp0_stage0_iter1    |    or    |      0|  0|    2|           1|           1|
    |or_ln340_fu_958_p2                  |    or    |      0|  0|    2|           1|           1|
    |or_ln571_1_fu_1004_p2               |    or    |      0|  0|    2|           1|           1|
    |or_ln571_2_fu_992_p2                |    or    |      0|  0|    2|           1|           1|
    |or_ln571_fu_986_p2                  |    or    |      0|  0|    2|           1|           1|
    |or_ln581_fu_741_p2                  |    or    |      0|  0|    2|           1|           1|
    |or_ln603_fu_769_p2                  |    or    |      0|  0|    2|           1|           1|
    |or_ln639_fu_674_p2                  |    or    |      0|  0|    2|           1|           1|
    |or_ln645_fu_848_p2                  |    or    |      0|  0|    2|           1|           1|
    |or_ln658_1_fu_933_p2                |    or    |      0|  0|    2|           1|           1|
    |or_ln658_fu_928_p2                  |    or    |      0|  0|    2|           1|           1|
    |F2_2_fu_427_p3                      |  select  |      0|  0|   12|           1|          12|
    |deleted_zeros_fu_880_p3             |  select  |      0|  0|    2|           1|           1|
    |dst_data_stream_V_din               |  select  |      0|  0|    8|           1|           8|
    |p_Val2_15_fu_503_p3                 |  select  |      0|  0|    8|           1|           8|
    |p_Val2_17_fu_756_p3                 |  select  |      0|  0|    8|           1|           8|
    |p_Val2_s_fu_457_p3                  |  select  |      0|  0|   54|           1|          54|
    |qb_fu_533_p3                        |  select  |      0|  0|    2|           1|           1|
    |select_ln340_fu_964_p3              |  select  |      0|  0|    8|           1|           8|
    |select_ln403_1_fu_734_p3            |  select  |      0|  0|    8|           1|           8|
    |select_ln403_fu_717_p3              |  select  |      0|  0|    8|           1|           8|
    |select_ln571_fu_997_p3              |  select  |      0|  0|    8|           1|           1|
    |select_ln582_fu_707_p3              |  select  |      0|  0|    8|           1|           8|
    |select_ln588_fu_495_p3              |  select  |      0|  0|    2|           1|           2|
    |select_ln631_fu_815_p3              |  select  |      0|  0|    2|           1|           1|
    |select_ln639_1_fu_872_p3            |  select  |      0|  0|    2|           1|           1|
    |select_ln639_fu_857_p3              |  select  |      0|  0|    2|           1|           1|
    |select_ln642_1_fu_865_p3            |  select  |      0|  0|    2|           1|           1|
    |select_ln642_fu_852_p3              |  select  |      0|  0|    2|           1|           1|
    |underflow_fu_920_p3                 |  select  |      0|  0|    2|           1|           1|
    |shl_ln604_fu_689_p2                 |    shl   |      0|  0|   19|           8|           8|
    |Range1_all_zeros_fu_837_p2          |    xor   |      0|  0|    2|           2|           1|
    |ap_enable_pp0                       |    xor   |      0|  0|    2|           1|           2|
    |ap_enable_reg_pp0_iter1             |    xor   |      0|  0|    2|           2|           1|
    |empty_107_fu_894_p2                 |    xor   |      0|  0|    2|           2|           1|
    |xor_ln340_1_fu_953_p2               |    xor   |      0|  0|    2|           1|           2|
    |xor_ln340_fu_943_p2                 |    xor   |      0|  0|    2|           1|           2|
    |xor_ln403_fu_724_p2                 |    xor   |      0|  0|    2|           1|           2|
    |xor_ln416_fu_701_p2                 |    xor   |      0|  0|    2|           1|           2|
    |xor_ln428_fu_975_p2                 |    xor   |      0|  0|    2|           2|           1|
    |xor_ln571_fu_1009_p2                |    xor   |      0|  0|    2|           1|           2|
    |xor_ln581_fu_745_p2                 |    xor   |      0|  0|    2|           1|           2|
    |xor_ln582_fu_558_p2                 |    xor   |      0|  0|    2|           1|           2|
    |xor_ln603_fu_764_p2                 |    xor   |      0|  0|    2|           1|           2|
    |xor_ln621_1_fu_600_p2               |    xor   |      0|  0|    2|           1|           2|
    |xor_ln621_fu_900_p2                 |    xor   |      0|  0|    2|           1|           2|
    |xor_ln631_fu_795_p2                 |    xor   |      0|  0|    2|           1|           2|
    |xor_ln639_1_fu_668_p2               |    xor   |      0|  0|    2|           1|           2|
    +------------------------------------+----------+-------+---+-----+------------+------------+
    |Total                               |          |      0|  0| 1468|         787|         714|
    +------------------------------------+----------+-------+---+-----+------------+------------+

    * Multiplexer: 
    +--------------------------+----+-----------+-----+-----------+
    |           Name           | LUT| Input Size| Bits| Total Bits|
    +--------------------------+----+-----------+-----+-----------+
    |ap_NS_fsm                 |  27|          5|    1|          5|
    |ap_done                   |   9|          2|    1|          2|
    |ap_enable_reg_pp0_iter1   |   9|          2|    1|          2|
    |ap_enable_reg_pp0_iter29  |   9|          2|    1|          2|
    |dst_cols_V_blk_n          |   9|          2|    1|          2|
    |dst_cols_V_out_blk_n      |   9|          2|    1|          2|
    |dst_data_stream_V_blk_n   |   9|          2|    1|          2|
    |dst_rows_V_blk_n          |   9|          2|    1|          2|
    |dst_rows_V_out_blk_n      |   9|          2|    1|          2|
    |real_start                |   9|          2|    1|          2|
    |src1_data_stream_V_blk_n  |   9|          2|    1|          2|
    |src2_data_stream_V_blk_n  |   9|          2|    1|          2|
    |t_V_4_reg_266             |   9|          2|   32|         64|
    |t_V_reg_255               |   9|          2|   32|         64|
    +--------------------------+----+-----------+-----+-----------+
    |Total                     | 144|         31|   76|        155|
    +--------------------------+----+-----------+-----+-----------+

    * Register: 
    +------------------------------------+----+----+-----+-----------+
    |                Name                | FF | LUT| Bits| Const Bits|
    +------------------------------------+----+----+-----+-----------+
    |F2_2_reg_1164                       |  12|   0|   12|          0|
    |F2_2_reg_1164_pp0_iter27_reg        |  12|   0|   12|          0|
    |F2_reg_1150                         |  12|   0|   12|          0|
    |Range1_all_ones_1_reg_1222          |   1|   0|    1|          0|
    |Range1_all_zeros_1_reg_1251         |   1|   0|    1|          0|
    |Range2_V_1_reg_1245                 |  54|   0|   54|          0|
    |and_ln581_reg_1203                  |   1|   0|    1|          0|
    |and_ln642_reg_1256                  |   1|   0|    1|          0|
    |ap_CS_fsm                           |   4|   0|    4|          0|
    |ap_done_reg                         |   1|   0|    1|          0|
    |ap_enable_reg_pp0_iter0             |   1|   0|    1|          0|
    |ap_enable_reg_pp0_iter1             |   1|   0|    1|          0|
    |ap_enable_reg_pp0_iter10            |   1|   0|    1|          0|
    |ap_enable_reg_pp0_iter11            |   1|   0|    1|          0|
    |ap_enable_reg_pp0_iter12            |   1|   0|    1|          0|
    |ap_enable_reg_pp0_iter13            |   1|   0|    1|          0|
    |ap_enable_reg_pp0_iter14            |   1|   0|    1|          0|
    |ap_enable_reg_pp0_iter15            |   1|   0|    1|          0|
    |ap_enable_reg_pp0_iter16            |   1|   0|    1|          0|
    |ap_enable_reg_pp0_iter17            |   1|   0|    1|          0|
    |ap_enable_reg_pp0_iter18            |   1|   0|    1|          0|
    |ap_enable_reg_pp0_iter19            |   1|   0|    1|          0|
    |ap_enable_reg_pp0_iter2             |   1|   0|    1|          0|
    |ap_enable_reg_pp0_iter20            |   1|   0|    1|          0|
    |ap_enable_reg_pp0_iter21            |   1|   0|    1|          0|
    |ap_enable_reg_pp0_iter22            |   1|   0|    1|          0|
    |ap_enable_reg_pp0_iter23            |   1|   0|    1|          0|
    |ap_enable_reg_pp0_iter24            |   1|   0|    1|          0|
    |ap_enable_reg_pp0_iter25            |   1|   0|    1|          0|
    |ap_enable_reg_pp0_iter26            |   1|   0|    1|          0|
    |ap_enable_reg_pp0_iter27            |   1|   0|    1|          0|
    |ap_enable_reg_pp0_iter28            |   1|   0|    1|          0|
    |ap_enable_reg_pp0_iter29            |   1|   0|    1|          0|
    |ap_enable_reg_pp0_iter3             |   1|   0|    1|          0|
    |ap_enable_reg_pp0_iter4             |   1|   0|    1|          0|
    |ap_enable_reg_pp0_iter5             |   1|   0|    1|          0|
    |ap_enable_reg_pp0_iter6             |   1|   0|    1|          0|
    |ap_enable_reg_pp0_iter7             |   1|   0|    1|          0|
    |ap_enable_reg_pp0_iter8             |   1|   0|    1|          0|
    |ap_enable_reg_pp0_iter9             |   1|   0|    1|          0|
    |cols_V_reg_1035                     |  32|   0|   32|          0|
    |i_V_reg_1044                        |  32|   0|   32|          0|
    |icmp_ln355_reg_1049                 |   1|   0|    1|          0|
    |icmp_ln571_reg_1144                 |   1|   0|    1|          0|
    |icmp_ln581_reg_1158                 |   1|   0|    1|          0|
    |icmp_ln581_reg_1158_pp0_iter27_reg  |   1|   0|    1|          0|
    |icmp_ln582_reg_1171                 |   1|   0|    1|          0|
    |icmp_ln582_reg_1171_pp0_iter27_reg  |   1|   0|    1|          0|
    |icmp_ln603_reg_1178                 |   1|   0|    1|          0|
    |icmp_ln603_reg_1178_pp0_iter27_reg  |   1|   0|    1|          0|
    |icmp_ln621_reg_1209                 |   1|   0|    1|          0|
    |icmp_ln631_reg_1234                 |   1|   0|    1|          0|
    |icmp_ln833_reg_1113                 |   1|   0|    1|          0|
    |icmp_ln837_reg_1119                 |   1|   0|    1|          0|
    |man_V_1_reg_1139                    |  54|   0|   54|          0|
    |or_ln658_1_reg_1274                 |   1|   0|    1|          0|
    |p_Result_7_reg_1125                 |   1|   0|    1|          0|
    |p_Result_7_reg_1125_pp0_iter27_reg  |   1|   0|    1|          0|
    |p_Result_8_reg_1134                 |  52|   0|   54|          2|
    |p_Result_9_reg_1190                 |   1|   0|    1|          0|
    |p_Val2_14_reg_1108                  |  64|   0|   64|          0|
    |p_Val2_16_reg_1196                  |   8|   0|    8|          0|
    |p_Val2_17_reg_1262                  |   8|   0|    8|          0|
    |rows_V_reg_1030                     |  32|   0|   32|          0|
    |start_once_reg                      |   1|   0|    1|          0|
    |sum_reg_1103                        |  64|   0|   64|          0|
    |t1_reg_1088                         |  64|   0|   64|          0|
    |t2_reg_1093                         |  64|   0|   64|          0|
    |t_V_4_reg_266                       |  32|   0|   32|          0|
    |t_V_reg_255                         |  32|   0|   32|          0|
    |tmp_48_reg_1063                     |   8|   0|    8|          0|
    |tmp_56_reg_1229                     |   1|   0|    1|          0|
    |tmp_8_i_i_reg_1083                  |  64|   0|   64|          0|
    |tmp_9_i_i_reg_1098                  |  64|   0|   64|          0|
    |tmp_i_i_reg_1078                    |  64|   0|   64|          0|
    |tmp_reg_1058                        |   8|   0|    8|          0|
    |trunc_ln583_reg_1184                |   8|   0|    8|          0|
    |underflow_reg_1268                  |   1|   0|    1|          0|
    |xor_ln621_1_reg_1215                |   1|   0|    1|          0|
    |zext_ln635_reg_1240                 |  32|   0|   54|         22|
    |icmp_ln355_reg_1049                 |  64|  32|    1|          0|
    |icmp_ln571_reg_1144                 |  64|  32|    1|          0|
    |icmp_ln833_reg_1113                 |  64|  32|    1|          0|
    |icmp_ln837_reg_1119                 |  64|  32|    1|          0|
    +------------------------------------+----+----+-----+-----------+
    |Total                               |1191| 128|  963|         24|
    +------------------------------------+----+----+-----+-----------+



================================================================
== Interface
================================================================
* Summary: 
+----------------------------+-----+-----+------------+--------------------+--------------+
|          RTL Ports         | Dir | Bits|  Protocol  |    Source Object   |    C Type    |
+----------------------------+-----+-----+------------+--------------------+--------------+
|ap_clk                      |  in |    1| ap_ctrl_hs |     AddWeighted    | return value |
|ap_rst                      |  in |    1| ap_ctrl_hs |     AddWeighted    | return value |
|ap_start                    |  in |    1| ap_ctrl_hs |     AddWeighted    | return value |
|start_full_n                |  in |    1| ap_ctrl_hs |     AddWeighted    | return value |
|ap_done                     | out |    1| ap_ctrl_hs |     AddWeighted    | return value |
|ap_continue                 |  in |    1| ap_ctrl_hs |     AddWeighted    | return value |
|ap_idle                     | out |    1| ap_ctrl_hs |     AddWeighted    | return value |
|ap_ready                    | out |    1| ap_ctrl_hs |     AddWeighted    | return value |
|start_out                   | out |    1| ap_ctrl_hs |     AddWeighted    | return value |
|start_write                 | out |    1| ap_ctrl_hs |     AddWeighted    | return value |
|src1_data_stream_V_dout     |  in |    8|   ap_fifo  | src1_data_stream_V |    pointer   |
|src1_data_stream_V_empty_n  |  in |    1|   ap_fifo  | src1_data_stream_V |    pointer   |
|src1_data_stream_V_read     | out |    1|   ap_fifo  | src1_data_stream_V |    pointer   |
|src2_data_stream_V_dout     |  in |    8|   ap_fifo  | src2_data_stream_V |    pointer   |
|src2_data_stream_V_empty_n  |  in |    1|   ap_fifo  | src2_data_stream_V |    pointer   |
|src2_data_stream_V_read     | out |    1|   ap_fifo  | src2_data_stream_V |    pointer   |
|dst_rows_V_dout             |  in |   11|   ap_fifo  |     dst_rows_V     |    pointer   |
|dst_rows_V_empty_n          |  in |    1|   ap_fifo  |     dst_rows_V     |    pointer   |
|dst_rows_V_read             | out |    1|   ap_fifo  |     dst_rows_V     |    pointer   |
|dst_cols_V_dout             |  in |   12|   ap_fifo  |     dst_cols_V     |    pointer   |
|dst_cols_V_empty_n          |  in |    1|   ap_fifo  |     dst_cols_V     |    pointer   |
|dst_cols_V_read             | out |    1|   ap_fifo  |     dst_cols_V     |    pointer   |
|dst_data_stream_V_din       | out |    8|   ap_fifo  |  dst_data_stream_V |    pointer   |
|dst_data_stream_V_full_n    |  in |    1|   ap_fifo  |  dst_data_stream_V |    pointer   |
|dst_data_stream_V_write     | out |    1|   ap_fifo  |  dst_data_stream_V |    pointer   |
|dst_rows_V_out_din          | out |   11|   ap_fifo  |   dst_rows_V_out   |    pointer   |
|dst_rows_V_out_full_n       |  in |    1|   ap_fifo  |   dst_rows_V_out   |    pointer   |
|dst_rows_V_out_write        | out |    1|   ap_fifo  |   dst_rows_V_out   |    pointer   |
|dst_cols_V_out_din          | out |   12|   ap_fifo  |   dst_cols_V_out   |    pointer   |
|dst_cols_V_out_full_n       |  in |    1|   ap_fifo  |   dst_cols_V_out   |    pointer   |
|dst_cols_V_out_write        | out |    1|   ap_fifo  |   dst_cols_V_out   |    pointer   |
+----------------------------+-----+-----+------------+--------------------+--------------+

