

================================================================
== Vivado HLS Report for 'Filter2D'
================================================================
* Date:           Sun May  3 00:00:57 2020

* Version:        2019.2 (Build 2698951 on Thu Oct 24 19:15:34 MDT 2019)
* Project:        puf
* Solution:       solution1
* Product family: artix7
* Target device:  xc7a200t-sbg484-1


================================================================
== Performance Estimates
================================================================
+ Timing: 
    * Summary: 
    +--------+----------+----------+------------+
    |  Clock |  Target  | Estimated| Uncertainty|
    +--------+----------+----------+------------+
    |ap_clk  | 10.00 ns | 8.183 ns |   1.25 ns  |
    +--------+----------+----------+------------+

+ Latency: 
    * Summary: 
    +---------+---------+----------+----------+--------+--------+---------+
    |  Latency (cycles) |  Latency (absolute) |     Interval    | Pipeline|
    |   min   |   max   |    min   |    max   |   min  |   max  |   Type  |
    +---------+---------+----------+----------+--------+--------+---------+
    |   930659|   930659| 9.307 ms | 9.307 ms |  930659|  930659|   none  |
    +---------+---------+----------+----------+--------+--------+---------+

    + Detail: 
        * Instance: 
        N/A

        * Loop: 
        +---------------+---------+---------+----------+-----------+-----------+------+----------+
        |               |  Latency (cycles) | Iteration|  Initiation Interval  | Trip |          |
        |   Loop Name   |   min   |   max   |  Latency |  achieved |   target  | Count| Pipelined|
        +---------------+---------+---------+----------+-----------+-----------+------+----------+
        |- loop_height  |   930658|   930658|      1289|          -|          -|   722|    no    |
        | + loop_width  |     1286|     1286|         6|          1|          1|  1282|    yes   |
        +---------------+---------+---------+----------+-----------+-----------+------+----------+



================================================================
== Utilization Estimates
================================================================
* Summary: 
+-----------------+---------+-------+--------+--------+-----+
|       Name      | BRAM_18K| DSP48E|   FF   |   LUT  | URAM|
+-----------------+---------+-------+--------+--------+-----+
|DSP              |        -|      -|       -|       -|    -|
|Expression       |        -|      0|       0|     967|    -|
|FIFO             |        -|      -|       -|       -|    -|
|Instance         |        -|      -|       0|      90|    -|
|Memory           |        3|      -|       0|       0|    0|
|Multiplexer      |        -|      -|       -|      90|    -|
|Register         |        0|      -|     508|      64|    -|
+-----------------+---------+-------+--------+--------+-----+
|Total            |        3|      0|     508|    1211|    0|
+-----------------+---------+-------+--------+--------+-----+
|Available        |      730|    740|  269200|  134600|    0|
+-----------------+---------+-------+--------+--------+-----+
|Utilization (%)  |    ~0   |      0|   ~0   |   ~0   |    0|
+-----------------+---------+-------+--------+--------+-----+

+ Detail: 
    * Instance: 
    +--------------------------+----------------------+---------+-------+---+----+-----+
    |         Instance         |        Module        | BRAM_18K| DSP48E| FF| LUT| URAM|
    +--------------------------+----------------------+---------+-------+---+----+-----+
    |image_filter_mux_hbi_U55  |image_filter_mux_hbi  |        0|      0|  0|  15|    0|
    |image_filter_mux_hbi_U56  |image_filter_mux_hbi  |        0|      0|  0|  15|    0|
    |image_filter_mux_hbi_U57  |image_filter_mux_hbi  |        0|      0|  0|  15|    0|
    |image_filter_mux_hbi_U58  |image_filter_mux_hbi  |        0|      0|  0|  15|    0|
    |image_filter_mux_hbi_U59  |image_filter_mux_hbi  |        0|      0|  0|  15|    0|
    |image_filter_mux_hbi_U60  |image_filter_mux_hbi  |        0|      0|  0|  15|    0|
    +--------------------------+----------------------+---------+-------+---+----+-----+
    |Total                     |                      |        0|      0|  0|  90|    0|
    +--------------------------+----------------------+---------+-------+---+----+-----+

    * DSP48E: 
    N/A

    * Memory: 
    +-----------------+----------------------+---------+---+----+-----+------+-----+------+-------------+
    |      Memory     |        Module        | BRAM_18K| FF| LUT| URAM| Words| Bits| Banks| W*Bits*Banks|
    +-----------------+----------------------+---------+---+----+-----+------+-----+------+-------------+
    |k_buf_0_val_3_U  |Filter2D_1_k_buf_eOg  |        1|  0|   0|    0|  1280|    8|     1|        10240|
    |k_buf_0_val_4_U  |Filter2D_1_k_buf_eOg  |        1|  0|   0|    0|  1280|    8|     1|        10240|
    |k_buf_0_val_5_U  |Filter2D_1_k_buf_eOg  |        1|  0|   0|    0|  1280|    8|     1|        10240|
    +-----------------+----------------------+---------+---+----+-----+------+-----+------+-------------+
    |Total            |                      |        3|  0|   0|    0|  3840|   24|     3|        30720|
    +-----------------+----------------------+---------+---+----+-----+------+-----+------+-------------+

    * FIFO: 
    N/A

    * Expression: 
    +-----------------------------------+----------+-------+---+----+------------+------------+
    |           Variable Name           | Operation| DSP48E| FF| LUT| Bitwidth P0| Bitwidth P1|
    +-----------------------------------+----------+-------+---+----+------------+------------+
    |mul_ln1118_1_fu_1050_p2            |     *    |      0|  0|  42|           2|           8|
    |mul_ln1118_2_fu_1073_p2            |     *    |      0|  0|  42|           3|           8|
    |mul_ln1118_3_fu_1085_p2            |     *    |      0|  0|  42|           4|           8|
    |mul_ln1118_4_fu_1098_p2            |     *    |      0|  0|  42|           2|           8|
    |mul_ln1118_5_fu_1115_p2            |     *    |      0|  0|  42|           3|           8|
    |mul_ln1118_fu_1024_p2              |     *    |      0|  0|  42|           2|           8|
    |ImagLoc_x_fu_694_p2                |     +    |      0|  0|  19|           2|          12|
    |add_ln118_fu_624_p2                |     +    |      0|  0|  10|           1|           2|
    |add_ln506_1_fu_512_p2              |     +    |      0|  0|  18|           3|          11|
    |add_ln506_2_fu_538_p2              |     +    |      0|  0|  18|           3|          11|
    |add_ln506_fu_436_p2                |     +    |      0|  0|  18|           2|          11|
    |add_ln507_fu_442_p2                |     +    |      0|  0|  10|           2|           2|
    |add_ln703_10_fu_1136_p2            |     +    |      0|  0|  15|           8|           8|
    |add_ln703_11_fu_1230_p2            |     +    |      0|  0|  15|           8|           8|
    |add_ln703_12_fu_1234_p2            |     +    |      0|  0|   8|           8|           8|
    |add_ln703_1_fu_1063_p2             |     +    |      0|  0|   8|          11|          11|
    |add_ln703_2_fu_1184_p2             |     +    |      0|  0|   8|          12|          12|
    |add_ln703_3_fu_1190_p2             |     +    |      0|  0|   8|          12|          12|
    |add_ln703_4_fu_1124_p2             |     +    |      0|  0|  18|          11|          11|
    |add_ln703_5_fu_1198_p2             |     +    |      0|  0|   8|          12|          12|
    |add_ln703_7_fu_1130_p2             |     +    |      0|  0|  15|           8|           8|
    |add_ln703_8_fu_1221_p2             |     +    |      0|  0|   8|           8|           8|
    |add_ln703_9_fu_1225_p2             |     +    |      0|  0|   8|           8|           8|
    |add_ln703_fu_1041_p2               |     +    |      0|  0|   8|          11|          11|
    |i_V_fu_380_p2                      |     +    |      0|  0|  17|          10|           1|
    |j_V_fu_672_p2                      |     +    |      0|  0|  18|          11|           1|
    |p_Val2_5_fu_1239_p2                |     +    |      0|  0|   8|           8|           8|
    |p_Val2_s_fu_1207_p2                |     +    |      0|  0|   8|          12|          12|
    |sub_ln1118_fu_1010_p2              |     -    |      0|  0|  16|           1|           9|
    |sub_ln118_fu_592_p2                |     -    |      0|  0|  12|           3|           2|
    |sub_ln142_2_fu_734_p2              |     -    |      0|  0|  19|           1|          12|
    |sub_ln142_fu_482_p2                |     -    |      0|  0|  18|           1|          11|
    |sub_ln147_fu_758_p2                |     -    |      0|  0|  19|          12|          12|
    |sub_ln507_fu_506_p2                |     -    |      0|  0|  12|           3|           2|
    |and_ln118_1_fu_468_p2              |    and   |      0|  0|   2|           1|           1|
    |and_ln118_fu_720_p2                |    and   |      0|  0|   2|           1|           1|
    |and_ln144_fu_788_p2                |    and   |      0|  0|   2|           1|           1|
    |and_ln512_fu_811_p2                |    and   |      0|  0|   2|           1|           1|
    |ap_block_pp0                       |    and   |      0|  0|   2|           1|           1|
    |ap_block_state8_pp0_stage0_iter5   |    and   |      0|  0|   2|           1|           1|
    |ap_enable_state4_pp0_iter1_stage0  |    and   |      0|  0|   2|           1|           1|
    |ap_enable_state5_pp0_iter2_stage0  |    and   |      0|  0|   2|           1|           1|
    |ap_predicate_op140_load_state4     |    and   |      0|  0|   2|           1|           1|
    |ap_predicate_op141_read_state4     |    and   |      0|  0|   2|           1|           1|
    |ap_predicate_op142_store_state4    |    and   |      0|  0|   2|           1|           1|
    |ap_predicate_op144_store_state4    |    and   |      0|  0|   2|           1|           1|
    |ap_predicate_op148_read_state4     |    and   |      0|  0|   2|           1|           1|
    |ap_predicate_op170_store_state5    |    and   |      0|  0|   2|           1|           1|
    |overflow_fu_1265_p2                |    and   |      0|  0|   2|           1|           1|
    |icmp_ln118_1_fu_714_p2             |   icmp   |      0|  0|  13|          12|          11|
    |icmp_ln118_fu_462_p2               |   icmp   |      0|  0|  13|          11|          10|
    |icmp_ln144_1_fu_500_p2             |   icmp   |      0|  0|  13|          11|          10|
    |icmp_ln144_fu_752_p2               |   icmp   |      0|  0|  13|          12|          11|
    |icmp_ln443_fu_374_p2               |   icmp   |      0|  0|  13|          10|          10|
    |icmp_ln444_fu_666_p2               |   icmp   |      0|  0|  13|          11|          11|
    |icmp_ln785_fu_1260_p2              |   icmp   |      0|  0|   9|           4|           1|
    |icmp_ln879_1_fu_420_p2             |   icmp   |      0|  0|  13|          10|           1|
    |icmp_ln879_fu_414_p2               |   icmp   |      0|  0|  13|          10|           1|
    |icmp_ln887_fu_386_p2               |   icmp   |      0|  0|  13|          10|          10|
    |icmp_ln891_fu_688_p2               |   icmp   |      0|  0|  13|          10|           1|
    |icmp_ln899_1_fu_426_p2             |   icmp   |      0|  0|  13|          10|          10|
    |icmp_ln899_fu_408_p2               |   icmp   |      0|  0|  13|           9|           1|
    |ap_block_pp0_stage0_01001          |    or    |      0|  0|   2|           1|           1|
    |ap_block_state4_pp0_stage0_iter1   |    or    |      0|  0|   2|           1|           1|
    |or_ln118_fu_782_p2                 |    or    |      0|  0|   2|           1|           1|
    |or_ln340_fu_1279_p2                |    or    |      0|  0|   2|           1|           1|
    |or_ln457_fu_806_p2                 |    or    |      0|  0|   2|           1|           1|
    |col_buf_0_val_0_0_fu_860_p3        |  select  |      0|  0|   8|           1|           8|
    |col_buf_0_val_1_0_fu_878_p3        |  select  |      0|  0|   8|           1|           8|
    |col_buf_0_val_2_0_fu_895_p3        |  select  |      0|  0|   8|           1|           8|
    |p_dst_data_stream_V_din            |  select  |      0|  0|   8|           1|           8|
    |select_ln118_1_fu_648_p3           |  select  |      0|  0|   2|           1|           2|
    |select_ln118_3_fu_764_p3           |  select  |      0|  0|  12|           1|          12|
    |select_ln118_fu_610_p3             |  select  |      0|  0|   2|           1|           2|
    |select_ln139_1_fu_488_p3           |  select  |      0|  0|  11|           1|          11|
    |select_ln139_4_fu_602_p3           |  select  |      0|  0|   2|           1|           2|
    |select_ln139_5_fu_640_p3           |  select  |      0|  0|   2|           1|           2|
    |select_ln139_fu_740_p3             |  select  |      0|  0|  12|           1|          12|
    |select_ln340_fu_1271_p3            |  select  |      0|  0|   2|           1|           2|
    |select_ln507_1_fu_572_p3           |  select  |      0|  0|   2|           1|           2|
    |select_ln507_fu_564_p3             |  select  |      0|  0|   2|           1|           2|
    |src_kernel_win_0_va_23_fu_948_p3   |  select  |      0|  0|   8|           1|           8|
    |src_kernel_win_0_va_24_fu_966_p3   |  select  |      0|  0|   8|           1|           8|
    |src_kernel_win_0_va_25_fu_984_p3   |  select  |      0|  0|   8|           1|           8|
    |x_fu_794_p3                        |  select  |      0|  0|  13|           1|          13|
    |ap_enable_pp0                      |    xor   |      0|  0|   2|           1|           2|
    |xor_ln118_1_fu_586_p2              |    xor   |      0|  0|   3|           2|           3|
    |xor_ln118_6_fu_456_p2              |    xor   |      0|  0|   2|           1|           2|
    |xor_ln118_7_fu_630_p2              |    xor   |      0|  0|   2|           2|           2|
    |xor_ln118_8_fu_708_p2              |    xor   |      0|  0|   2|           1|           2|
    |xor_ln118_9_fu_776_p2              |    xor   |      0|  0|   2|           1|           2|
    |xor_ln457_fu_392_p2                |    xor   |      0|  0|   2|           1|           2|
    |xor_ln493_1_fu_580_p2              |    xor   |      0|  0|   2|           2|           2|
    |xor_ln493_2_fu_618_p2              |    xor   |      0|  0|   2|           2|           2|
    |xor_ln493_3_fu_656_p2              |    xor   |      0|  0|   2|           2|           2|
    |xor_ln493_fu_829_p2                |    xor   |      0|  0|   2|           2|           2|
    |xor_ln785_fu_1255_p2               |    xor   |      0|  0|   2|           1|           2|
    +-----------------------------------+----------+-------+---+----+------------+------------+
    |Total                              |          |      0|  0| 967|         394|         535|
    +-----------------------------------+----------+-------+---+----+------------+------------+

    * Multiplexer: 
    +----------------------------------------+----+-----------+-----+-----------+
    |                  Name                  | LUT| Input Size| Bits| Total Bits|
    +----------------------------------------+----+-----------+-----+-----------+
    |ap_NS_fsm                               |  27|          5|    1|          5|
    |ap_enable_reg_pp0_iter2                 |   9|          2|    1|          2|
    |ap_enable_reg_pp0_iter5                 |   9|          2|    1|          2|
    |ap_sig_allocacmp_right_border_buf_0_19  |   9|          2|    8|         16|
    |p_dst_data_stream_V_blk_n               |   9|          2|    1|          2|
    |p_src_data_stream_V_blk_n               |   9|          2|    1|          2|
    |t_V_2_reg_335                           |   9|          2|   11|         22|
    |t_V_reg_324                             |   9|          2|   10|         20|
    +----------------------------------------+----+-----------+-----+-----------+
    |Total                                   |  90|         19|   34|         71|
    +----------------------------------------+----+-----------+-----+-----------+

    * Register: 
    +-----------------------------------------------+----+----+-----+-----------+
    |                      Name                     | FF | LUT| Bits| Const Bits|
    +-----------------------------------------------+----+----+-----+-----------+
    |add_ln703_10_reg_1574                          |   8|   0|    8|          0|
    |add_ln703_1_reg_1539                           |  11|   0|   11|          0|
    |add_ln703_4_reg_1564                           |  11|   0|   11|          0|
    |add_ln703_7_reg_1569                           |   8|   0|    8|          0|
    |and_ln118_reg_1460                             |   1|   0|    1|          0|
    |and_ln118_reg_1460_pp0_iter1_reg               |   1|   0|    1|          0|
    |and_ln512_reg_1481                             |   1|   0|    1|          0|
    |ap_CS_fsm                                      |   4|   0|    4|          0|
    |ap_enable_reg_pp0_iter0                        |   1|   0|    1|          0|
    |ap_enable_reg_pp0_iter1                        |   1|   0|    1|          0|
    |ap_enable_reg_pp0_iter2                        |   1|   0|    1|          0|
    |ap_enable_reg_pp0_iter3                        |   1|   0|    1|          0|
    |ap_enable_reg_pp0_iter4                        |   1|   0|    1|          0|
    |ap_enable_reg_pp0_iter5                        |   1|   0|    1|          0|
    |i_V_reg_1402                                   |  10|   0|   10|          0|
    |icmp_ln444_reg_1451                            |   1|   0|    1|          0|
    |icmp_ln879_1_reg_1425                          |   1|   0|    1|          0|
    |icmp_ln879_reg_1421                            |   1|   0|    1|          0|
    |icmp_ln887_reg_1407                            |   1|   0|    1|          0|
    |icmp_ln899_1_reg_1429                          |   1|   0|    1|          0|
    |icmp_ln899_reg_1416                            |   1|   0|    1|          0|
    |k_buf_0_val_4_addr_reg_1503                    |  11|   0|   11|          0|
    |k_buf_0_val_5_addr_reg_1509                    |  11|   0|   11|          0|
    |mul_ln1118_2_reg_1544                          |  11|   0|   11|          0|
    |mul_ln1118_3_reg_1554                          |  12|   0|   12|          0|
    |or_ln457_reg_1474                              |   1|   0|    1|          0|
    |or_ln457_reg_1474_pp0_iter1_reg                |   1|   0|    1|          0|
    |p_Result_s_reg_1579                            |   1|   0|    1|          0|
    |p_Val2_5_reg_1585                              |   8|   0|    8|          0|
    |right_border_buf_0_14_fu_188                   |   8|   0|    8|          0|
    |right_border_buf_0_15_fu_192                   |   8|   0|    8|          0|
    |right_border_buf_0_16_fu_196                   |   8|   0|    8|          0|
    |right_border_buf_0_17_fu_200                   |   8|   0|    8|          0|
    |right_border_buf_0_18_fu_204                   |   8|   0|    8|          0|
    |right_border_buf_0_19_reg_1485                 |   8|   0|    8|          0|
    |right_border_buf_0_s_fu_184                    |   8|   0|    8|          0|
    |sext_ln1118_1_reg_1373                         |  10|   0|   10|          0|
    |sext_ln1118_2_reg_1378                         |  11|   0|   11|          0|
    |sext_ln1118_3_reg_1388                         |  10|   0|   10|          0|
    |sext_ln1118_reg_1368                           |  10|   0|   10|          0|
    |src_kernel_win_0_va_18_fu_164                  |   8|   0|    8|          0|
    |src_kernel_win_0_va_19_fu_168                  |   8|   0|    8|          0|
    |src_kernel_win_0_va_20_fu_172                  |   8|   0|    8|          0|
    |src_kernel_win_0_va_21_fu_176                  |   8|   0|    8|          0|
    |src_kernel_win_0_va_22_fu_180                  |   8|   0|    8|          0|
    |src_kernel_win_0_va_23_reg_1515                |   8|   0|    8|          0|
    |src_kernel_win_0_va_23_reg_1515_pp0_iter3_reg  |   8|   0|    8|          0|
    |src_kernel_win_0_va_24_reg_1522                |   8|   0|    8|          0|
    |src_kernel_win_0_va_25_reg_1528                |   8|   0|    8|          0|
    |src_kernel_win_0_va_fu_160                     |   8|   0|    8|          0|
    |t_V_2_reg_335                                  |  11|   0|   11|          0|
    |t_V_reg_324                                    |  10|   0|   10|          0|
    |tmp_10_reg_1590                                |   4|   0|    4|          0|
    |trunc_ln458_reg_1469                           |   2|   0|    2|          0|
    |trunc_ln703_2_reg_1534                         |   8|   0|    8|          0|
    |trunc_ln703_3_reg_1549                         |   8|   0|    8|          0|
    |trunc_ln703_6_reg_1559                         |   8|   0|    8|          0|
    |x_reg_1464                                     |  13|   0|   13|          0|
    |xor_ln457_reg_1411                             |   1|   0|    1|          0|
    |xor_ln493_1_reg_1436                           |   2|   0|    2|          0|
    |xor_ln493_2_reg_1441                           |   2|   0|    2|          0|
    |xor_ln493_3_reg_1446                           |   2|   0|    2|          0|
    |xor_ln493_reg_1496                             |   2|   0|    2|          0|
    |zext_ln1118_4_reg_1383                         |   4|   0|   12|          8|
    |zext_ln1118_8_reg_1393                         |   3|   0|   11|          8|
    |and_ln512_reg_1481                             |  64|  32|    1|          0|
    |icmp_ln444_reg_1451                            |  64|  32|    1|          0|
    +-----------------------------------------------+----+----+-----+-----------+
    |Total                                          | 508|  64|  398|         16|
    +-----------------------------------------------+----+----+-----+-----------+



================================================================
== Interface
================================================================
* Summary: 
+-----------------------------+-----+-----+------------+-------------------------+--------------+
|          RTL Ports          | Dir | Bits|  Protocol  |      Source Object      |    C Type    |
+-----------------------------+-----+-----+------------+-------------------------+--------------+
|ap_clk                       |  in |    1| ap_ctrl_hs |         Filter2D        | return value |
|ap_rst                       |  in |    1| ap_ctrl_hs |         Filter2D        | return value |
|ap_start                     |  in |    1| ap_ctrl_hs |         Filter2D        | return value |
|ap_done                      | out |    1| ap_ctrl_hs |         Filter2D        | return value |
|ap_idle                      | out |    1| ap_ctrl_hs |         Filter2D        | return value |
|ap_ready                     | out |    1| ap_ctrl_hs |         Filter2D        | return value |
|p_src_data_stream_V_dout     |  in |    8|   ap_fifo  |   p_src_data_stream_V   |    pointer   |
|p_src_data_stream_V_empty_n  |  in |    1|   ap_fifo  |   p_src_data_stream_V   |    pointer   |
|p_src_data_stream_V_read     | out |    1|   ap_fifo  |   p_src_data_stream_V   |    pointer   |
|p_dst_data_stream_V_din      | out |    8|   ap_fifo  |   p_dst_data_stream_V   |    pointer   |
|p_dst_data_stream_V_full_n   |  in |    1|   ap_fifo  |   p_dst_data_stream_V   |    pointer   |
|p_dst_data_stream_V_write    | out |    1|   ap_fifo  |   p_dst_data_stream_V   |    pointer   |
|p_kernel_val_0_V_1_read      |  in |    2|   ap_none  | p_kernel_val_0_V_1_read |    scalar    |
|p_kernel_val_0_V_2_read      |  in |    2|   ap_none  | p_kernel_val_0_V_2_read |    scalar    |
|p_kernel_val_1_V_0_read      |  in |    3|   ap_none  | p_kernel_val_1_V_0_read |    scalar    |
|p_kernel_val_1_V_2_read      |  in |    4|   ap_none  | p_kernel_val_1_V_2_read |    scalar    |
|p_kernel_val_2_V_0_read      |  in |    2|   ap_none  | p_kernel_val_2_V_0_read |    scalar    |
|p_kernel_val_2_V_1_read      |  in |    3|   ap_none  | p_kernel_val_2_V_1_read |    scalar    |
+-----------------------------+-----+-----+------------+-------------------------+--------------+

