

================================================================
== Vivado HLS Report for 'Filter2D_1'
================================================================
* Date:           Sun May  3 00:00:54 2020

* Version:        2019.2 (Build 2698951 on Thu Oct 24 19:15:34 MDT 2019)
* Project:        puf
* Solution:       solution1
* Product family: artix7
* Target device:  xc7a200t-sbg484-1


================================================================
== Performance Estimates
================================================================
+ Timing: 
    * Summary: 
    +--------+----------+----------+------------+
    |  Clock |  Target  | Estimated| Uncertainty|
    +--------+----------+----------+------------+
    |ap_clk  | 10.00 ns | 9.674 ns |   1.25 ns  |
    +--------+----------+----------+------------+

+ Latency: 
    * Summary: 
    +---------+---------+----------+----------+--------+--------+---------+
    |  Latency (cycles) |  Latency (absolute) |     Interval    | Pipeline|
    |   min   |   max   |    min   |    max   |   min  |   max  |   Type  |
    +---------+---------+----------+----------+--------+--------+---------+
    |   930659|   930659| 9.307 ms | 9.307 ms |  930659|  930659|   none  |
    +---------+---------+----------+----------+--------+--------+---------+

    + Detail: 
        * Instance: 
        N/A

        * Loop: 
        +---------------+---------+---------+----------+-----------+-----------+------+----------+
        |               |  Latency (cycles) | Iteration|  Initiation Interval  | Trip |          |
        |   Loop Name   |   min   |   max   |  Latency |  achieved |   target  | Count| Pipelined|
        +---------------+---------+---------+----------+-----------+-----------+------+----------+
        |- loop_height  |   930658|   930658|      1289|          -|          -|   722|    no    |
        | + loop_width  |     1286|     1286|         6|          1|          1|  1282|    yes   |
        +---------------+---------+---------+----------+-----------+-----------+------+----------+



================================================================
== Utilization Estimates
================================================================
* Summary: 
+-----------------+---------+-------+--------+--------+-----+
|       Name      | BRAM_18K| DSP48E|   FF   |   LUT  | URAM|
+-----------------+---------+-------+--------+--------+-----+
|DSP              |        -|      4|       -|       -|    -|
|Expression       |        -|      -|       0|     761|    -|
|FIFO             |        -|      -|       -|       -|    -|
|Instance         |        -|      -|       0|      90|    -|
|Memory           |        3|      -|       0|       0|    0|
|Multiplexer      |        -|      -|       -|     108|    -|
|Register         |        0|      -|     492|      64|    -|
+-----------------+---------+-------+--------+--------+-----+
|Total            |        3|      4|     492|    1023|    0|
+-----------------+---------+-------+--------+--------+-----+
|Available        |      730|    740|  269200|  134600|    0|
+-----------------+---------+-------+--------+--------+-----+
|Utilization (%)  |    ~0   |   ~0  |   ~0   |   ~0   |    0|
+-----------------+---------+-------+--------+--------+-----+

+ Detail: 
    * Instance: 
    +--------------------------+----------------------+---------+-------+---+----+-----+
    |         Instance         |        Module        | BRAM_18K| DSP48E| FF| LUT| URAM|
    +--------------------------+----------------------+---------+-------+---+----+-----+
    |image_filter_mux_hbi_U32  |image_filter_mux_hbi  |        0|      0|  0|  15|    0|
    |image_filter_mux_hbi_U33  |image_filter_mux_hbi  |        0|      0|  0|  15|    0|
    |image_filter_mux_hbi_U34  |image_filter_mux_hbi  |        0|      0|  0|  15|    0|
    |image_filter_mux_hbi_U35  |image_filter_mux_hbi  |        0|      0|  0|  15|    0|
    |image_filter_mux_hbi_U36  |image_filter_mux_hbi  |        0|      0|  0|  15|    0|
    |image_filter_mux_hbi_U37  |image_filter_mux_hbi  |        0|      0|  0|  15|    0|
    +--------------------------+----------------------+---------+-------+---+----+-----+
    |Total                     |                      |        0|      0|  0|  90|    0|
    +--------------------------+----------------------+---------+-------+---+----+-----+

    * DSP48E: 
    +--------------------------+----------------------+---------------------+
    |         Instance         |        Module        |      Expression     |
    +--------------------------+----------------------+---------------------+
    |image_filter_ama_jbC_U39  |image_filter_ama_jbC  | i0 + i1 * (i2 + i3) |
    |image_filter_mac_kbM_U40  |image_filter_mac_kbM  |     i0 * i1 + i2    |
    |image_filter_mac_lbW_U41  |image_filter_mac_lbW  |     i0 * i1 + i2    |
    |image_filter_mul_ibs_U38  |image_filter_mul_ibs  |       i0 * i1       |
    +--------------------------+----------------------+---------------------+

    * Memory: 
    +-----------------+----------------------+---------+---+----+-----+------+-----+------+-------------+
    |      Memory     |        Module        | BRAM_18K| FF| LUT| URAM| Words| Bits| Banks| W*Bits*Banks|
    +-----------------+----------------------+---------+---+----+-----+------+-----+------+-------------+
    |k_buf_0_val_3_U  |Filter2D_1_k_buf_eOg  |        1|  0|   0|    0|  1280|    8|     1|        10240|
    |k_buf_0_val_4_U  |Filter2D_1_k_buf_eOg  |        1|  0|   0|    0|  1280|    8|     1|        10240|
    |k_buf_0_val_5_U  |Filter2D_1_k_buf_eOg  |        1|  0|   0|    0|  1280|    8|     1|        10240|
    +-----------------+----------------------+---------+---+----+-----+------+-----+------+-------------+
    |Total            |                      |        3|  0|   0|    0|  3840|   24|     3|        30720|
    +-----------------+----------------------+---------+---+----+-----+------+-----+------+-------------+

    * FIFO: 
    N/A

    * Expression: 
    +-----------------------------------+----------+-------+---+----+------------+------------+
    |           Variable Name           | Operation| DSP48E| FF| LUT| Bitwidth P0| Bitwidth P1|
    +-----------------------------------+----------+-------+---+----+------------+------------+
    |ImagLoc_x_fu_640_p2                |     +    |      0|  0|  19|           2|          12|
    |add_ln118_fu_570_p2                |     +    |      0|  0|  10|           1|           2|
    |add_ln506_1_fu_458_p2              |     +    |      0|  0|  18|           3|          11|
    |add_ln506_2_fu_484_p2              |     +    |      0|  0|  18|           3|          11|
    |add_ln506_fu_382_p2                |     +    |      0|  0|  18|           2|          11|
    |add_ln507_fu_388_p2                |     +    |      0|  0|  10|           2|           2|
    |add_ln703_2_fu_1117_p2             |     +    |      0|  0|   8|          26|          26|
    |add_ln703_4_fu_1074_p2             |     +    |      0|  0|  32|          25|          25|
    |add_ln703_5_fu_1126_p2             |     +    |      0|  0|   8|          26|          26|
    |i_V_fu_326_p2                      |     +    |      0|  0|  17|          10|           1|
    |j_V_fu_618_p2                      |     +    |      0|  0|  18|          11|           1|
    |p_Val2_2_fu_1229_p2                |     +    |      0|  0|  15|           8|           8|
    |p_Val2_s_fu_1180_p2                |     +    |      0|  0|  34|          27|          27|
    |sub_ln1118_1_fu_1025_p2            |     -    |      0|  0|  27|          20|          20|
    |sub_ln1118_2_fu_1053_p2            |     -    |      0|  0|  27|          20|          20|
    |sub_ln1118_3_fu_1160_p2            |     -    |      0|  0|  27|          20|          20|
    |sub_ln1118_fu_984_p2               |     -    |      0|  0|  27|          20|          20|
    |sub_ln118_fu_538_p2                |     -    |      0|  0|  12|           3|           2|
    |sub_ln142_1_fu_680_p2              |     -    |      0|  0|  19|           1|          12|
    |sub_ln142_fu_428_p2                |     -    |      0|  0|  18|           1|          11|
    |sub_ln147_fu_704_p2                |     -    |      0|  0|  19|          12|          12|
    |sub_ln507_fu_452_p2                |     -    |      0|  0|  12|           3|           2|
    |and_ln118_1_fu_414_p2              |    and   |      0|  0|   2|           1|           1|
    |and_ln118_fu_666_p2                |    and   |      0|  0|   2|           1|           1|
    |and_ln144_fu_734_p2                |    and   |      0|  0|   2|           1|           1|
    |and_ln512_fu_757_p2                |    and   |      0|  0|   2|           1|           1|
    |ap_block_pp0                       |    and   |      0|  0|   2|           1|           1|
    |ap_block_state8_pp0_stage0_iter5   |    and   |      0|  0|   2|           1|           1|
    |ap_enable_state4_pp0_iter1_stage0  |    and   |      0|  0|   2|           1|           1|
    |ap_enable_state5_pp0_iter2_stage0  |    and   |      0|  0|   2|           1|           1|
    |ap_predicate_op128_load_state4     |    and   |      0|  0|   2|           1|           1|
    |ap_predicate_op129_read_state4     |    and   |      0|  0|   2|           1|           1|
    |ap_predicate_op130_store_state4    |    and   |      0|  0|   2|           1|           1|
    |ap_predicate_op132_store_state4    |    and   |      0|  0|   2|           1|           1|
    |ap_predicate_op136_read_state4     |    and   |      0|  0|   2|           1|           1|
    |ap_predicate_op158_store_state5    |    and   |      0|  0|   2|           1|           1|
    |deleted_zeros_fu_1266_p2           |    and   |      0|  0|   2|           1|           1|
    |Range1_all_zeros_fu_1234_p2        |   icmp   |      0|  0|  11|           5|           1|
    |icmp_ln118_1_fu_660_p2             |   icmp   |      0|  0|  13|          12|          11|
    |icmp_ln118_fu_408_p2               |   icmp   |      0|  0|  13|          11|          10|
    |icmp_ln144_1_fu_446_p2             |   icmp   |      0|  0|  13|          11|          10|
    |icmp_ln144_fu_698_p2               |   icmp   |      0|  0|  13|          12|          11|
    |icmp_ln443_fu_320_p2               |   icmp   |      0|  0|  13|          10|          10|
    |icmp_ln444_fu_612_p2               |   icmp   |      0|  0|  13|          11|          11|
    |icmp_ln879_1_fu_366_p2             |   icmp   |      0|  0|  13|          10|           1|
    |icmp_ln879_fu_360_p2               |   icmp   |      0|  0|  13|          10|           1|
    |icmp_ln887_fu_332_p2               |   icmp   |      0|  0|  13|          10|          10|
    |icmp_ln891_fu_634_p2               |   icmp   |      0|  0|  13|          10|           1|
    |icmp_ln899_1_fu_372_p2             |   icmp   |      0|  0|  13|          10|          10|
    |icmp_ln899_fu_354_p2               |   icmp   |      0|  0|  13|           9|           1|
    |ap_block_pp0_stage0_01001          |    or    |      0|  0|   2|           1|           1|
    |ap_block_state4_pp0_stage0_iter1   |    or    |      0|  0|   2|           1|           1|
    |or_ln118_fu_728_p2                 |    or    |      0|  0|   2|           1|           1|
    |or_ln457_fu_752_p2                 |    or    |      0|  0|   2|           1|           1|
    |or_ln777_fu_1260_p2                |    or    |      0|  0|   2|           1|           1|
    |col_buf_0_val_0_0_fu_806_p3        |  select  |      0|  0|   8|           1|           8|
    |col_buf_0_val_1_0_fu_824_p3        |  select  |      0|  0|   8|           1|           8|
    |col_buf_0_val_2_0_fu_841_p3        |  select  |      0|  0|   8|           1|           8|
    |p_dst_data_stream_V_din            |  select  |      0|  0|   8|           1|           8|
    |select_ln118_1_fu_594_p3           |  select  |      0|  0|   2|           1|           2|
    |select_ln118_2_fu_710_p3           |  select  |      0|  0|  12|           1|          12|
    |select_ln118_fu_556_p3             |  select  |      0|  0|   2|           1|           2|
    |select_ln139_1_fu_434_p3           |  select  |      0|  0|  11|           1|          11|
    |select_ln139_2_fu_548_p3           |  select  |      0|  0|   2|           1|           2|
    |select_ln139_3_fu_586_p3           |  select  |      0|  0|   2|           1|           2|
    |select_ln139_fu_686_p3             |  select  |      0|  0|  12|           1|          12|
    |select_ln507_1_fu_518_p3           |  select  |      0|  0|   2|           1|           2|
    |select_ln507_fu_510_p3             |  select  |      0|  0|   2|           1|           2|
    |src_kernel_win_0_va_6_fu_894_p3    |  select  |      0|  0|   8|           1|           8|
    |src_kernel_win_0_va_7_fu_912_p3    |  select  |      0|  0|   8|           1|           8|
    |src_kernel_win_0_va_8_fu_930_p3    |  select  |      0|  0|   8|           1|           8|
    |x_fu_740_p3                        |  select  |      0|  0|  13|           1|          13|
    |ap_enable_pp0                      |    xor   |      0|  0|   2|           1|           2|
    |xor_ln118_1_fu_532_p2              |    xor   |      0|  0|   3|           2|           3|
    |xor_ln118_2_fu_402_p2              |    xor   |      0|  0|   2|           1|           2|
    |xor_ln118_3_fu_576_p2              |    xor   |      0|  0|   2|           2|           2|
    |xor_ln118_4_fu_654_p2              |    xor   |      0|  0|   2|           1|           2|
    |xor_ln118_5_fu_722_p2              |    xor   |      0|  0|   2|           1|           2|
    |xor_ln457_fu_338_p2                |    xor   |      0|  0|   2|           1|           2|
    |xor_ln493_1_fu_526_p2              |    xor   |      0|  0|   2|           2|           2|
    |xor_ln493_2_fu_564_p2              |    xor   |      0|  0|   2|           2|           2|
    |xor_ln493_3_fu_602_p2              |    xor   |      0|  0|   2|           2|           2|
    |xor_ln493_fu_775_p2                |    xor   |      0|  0|   2|           2|           2|
    |xor_ln777_fu_1246_p2               |    xor   |      0|  0|   2|           1|           2|
    +-----------------------------------+----------+-------+---+----+------------+------------+
    |Total                              |          |      0|  0| 761|         432|         531|
    +-----------------------------------+----------+-------+---+----+------------+------------+

    * Multiplexer: 
    +-----------------------------------------+----+-----------+-----+-----------+
    |                   Name                  | LUT| Input Size| Bits| Total Bits|
    +-----------------------------------------+----+-----------+-----+-----------+
    |ap_NS_fsm                                |  27|          5|    1|          5|
    |ap_enable_reg_pp0_iter2                  |   9|          2|    1|          2|
    |ap_enable_reg_pp0_iter5                  |   9|          2|    1|          2|
    |ap_sig_allocacmp_right_border_buf_0_6    |   9|          2|    8|         16|
    |ap_sig_allocacmp_src_kernel_win_0_va_10  |   9|          2|    8|         16|
    |ap_sig_allocacmp_src_kernel_win_0_va_11  |   9|          2|    8|         16|
    |p_dst_data_stream_V_blk_n                |   9|          2|    1|          2|
    |p_src_data_stream_V_blk_n                |   9|          2|    1|          2|
    |t_V_2_reg_305                            |   9|          2|   11|         22|
    |t_V_reg_294                              |   9|          2|   10|         20|
    +-----------------------------------------+----+-----------+-----+-----------+
    |Total                                    | 108|         23|   50|        103|
    +-----------------------------------------+----+-----------+-----+-----------+

    * Register: 
    +----------------------------------------------+----+----+-----+-----------+
    |                     Name                     | FF | LUT| Bits| Const Bits|
    +----------------------------------------------+----+----+-----+-----------+
    |add_ln703_1_reg_1532                          |  25|   0|   25|          0|
    |add_ln703_4_reg_1542                          |  25|   0|   25|          0|
    |and_ln118_reg_1453                            |   1|   0|    1|          0|
    |and_ln118_reg_1453_pp0_iter1_reg              |   1|   0|    1|          0|
    |and_ln512_reg_1474                            |   1|   0|    1|          0|
    |ap_CS_fsm                                     |   4|   0|    4|          0|
    |ap_enable_reg_pp0_iter0                       |   1|   0|    1|          0|
    |ap_enable_reg_pp0_iter1                       |   1|   0|    1|          0|
    |ap_enable_reg_pp0_iter2                       |   1|   0|    1|          0|
    |ap_enable_reg_pp0_iter3                       |   1|   0|    1|          0|
    |ap_enable_reg_pp0_iter4                       |   1|   0|    1|          0|
    |ap_enable_reg_pp0_iter5                       |   1|   0|    1|          0|
    |i_V_reg_1395                                  |  10|   0|   10|          0|
    |icmp_ln444_reg_1444                           |   1|   0|    1|          0|
    |icmp_ln879_1_reg_1418                         |   1|   0|    1|          0|
    |icmp_ln879_reg_1414                           |   1|   0|    1|          0|
    |icmp_ln887_reg_1400                           |   1|   0|    1|          0|
    |icmp_ln899_1_reg_1422                         |   1|   0|    1|          0|
    |icmp_ln899_reg_1409                           |   1|   0|    1|          0|
    |k_buf_0_val_4_addr_reg_1496                   |  11|   0|   11|          0|
    |k_buf_0_val_5_addr_reg_1502                   |  11|   0|   11|          0|
    |mul_ln1118_reg_1527                           |  21|   0|   21|          0|
    |or_ln457_reg_1467                             |   1|   0|    1|          0|
    |or_ln457_reg_1467_pp0_iter1_reg               |   1|   0|    1|          0|
    |p_Val2_1_reg_1552                             |   8|   0|    8|          0|
    |p_Val2_s_reg_1547                             |  27|   0|   27|          0|
    |right_border_buf_0_1_fu_194                   |   8|   0|    8|          0|
    |right_border_buf_0_2_fu_198                   |   8|   0|    8|          0|
    |right_border_buf_0_3_fu_202                   |   8|   0|    8|          0|
    |right_border_buf_0_4_fu_206                   |   8|   0|    8|          0|
    |right_border_buf_0_5_fu_210                   |   8|   0|    8|          0|
    |right_border_buf_0_6_reg_1478                 |   8|   0|    8|          0|
    |right_border_buf_0_s_fu_190                   |   8|   0|    8|          0|
    |src_kernel_win_0_va_1_fu_170                  |   8|   0|    8|          0|
    |src_kernel_win_0_va_2_fu_174                  |   8|   0|    8|          0|
    |src_kernel_win_0_va_3_fu_178                  |   8|   0|    8|          0|
    |src_kernel_win_0_va_4_fu_182                  |   8|   0|    8|          0|
    |src_kernel_win_0_va_5_fu_186                  |   8|   0|    8|          0|
    |src_kernel_win_0_va_6_reg_1508                |   8|   0|    8|          0|
    |src_kernel_win_0_va_6_reg_1508_pp0_iter3_reg  |   8|   0|    8|          0|
    |src_kernel_win_0_va_7_reg_1514                |   8|   0|    8|          0|
    |src_kernel_win_0_va_8_reg_1521                |   8|   0|    8|          0|
    |src_kernel_win_0_va_fu_166                    |   8|   0|    8|          0|
    |sub_ln1118_1_reg_1537                         |  18|   0|   20|          2|
    |t_V_2_reg_305                                 |  11|   0|   11|          0|
    |t_V_reg_294                                   |  10|   0|   10|          0|
    |tmp_11_reg_1562                               |   5|   0|    5|          0|
    |tmp_23_reg_1557                               |   1|   0|    1|          0|
    |trunc_ln458_reg_1462                          |   2|   0|    2|          0|
    |x_reg_1457                                    |  13|   0|   13|          0|
    |xor_ln457_reg_1404                            |   1|   0|    1|          0|
    |xor_ln493_1_reg_1429                          |   2|   0|    2|          0|
    |xor_ln493_2_reg_1434                          |   2|   0|    2|          0|
    |xor_ln493_3_reg_1439                          |   2|   0|    2|          0|
    |xor_ln493_reg_1489                            |   2|   0|    2|          0|
    |and_ln512_reg_1474                            |  64|  32|    1|          0|
    |icmp_ln444_reg_1444                           |  64|  32|    1|          0|
    +----------------------------------------------+----+----+-----+-----------+
    |Total                                         | 492|  64|  368|          2|
    +----------------------------------------------+----+----+-----+-----------+



================================================================
== Interface
================================================================
* Summary: 
+-----------------------------+-----+-----+------------+---------------------+--------------+
|          RTL Ports          | Dir | Bits|  Protocol  |    Source Object    |    C Type    |
+-----------------------------+-----+-----+------------+---------------------+--------------+
|ap_clk                       |  in |    1| ap_ctrl_hs |      Filter2D.1     | return value |
|ap_rst                       |  in |    1| ap_ctrl_hs |      Filter2D.1     | return value |
|ap_start                     |  in |    1| ap_ctrl_hs |      Filter2D.1     | return value |
|ap_done                      | out |    1| ap_ctrl_hs |      Filter2D.1     | return value |
|ap_idle                      | out |    1| ap_ctrl_hs |      Filter2D.1     | return value |
|ap_ready                     | out |    1| ap_ctrl_hs |      Filter2D.1     | return value |
|p_src_data_stream_V_dout     |  in |    8|   ap_fifo  | p_src_data_stream_V |    pointer   |
|p_src_data_stream_V_empty_n  |  in |    1|   ap_fifo  | p_src_data_stream_V |    pointer   |
|p_src_data_stream_V_read     | out |    1|   ap_fifo  | p_src_data_stream_V |    pointer   |
|p_dst_data_stream_V_din      | out |    8|   ap_fifo  | p_dst_data_stream_V |    pointer   |
|p_dst_data_stream_V_full_n   |  in |    1|   ap_fifo  | p_dst_data_stream_V |    pointer   |
|p_dst_data_stream_V_write    | out |    1|   ap_fifo  | p_dst_data_stream_V |    pointer   |
+-----------------------------+-----+-----+------------+---------------------+--------------+

