

================================================================
== Vivado HLS Report for 'image_filter'
================================================================
* Date:           Sun May  3 00:01:06 2020

* Version:        2019.2 (Build 2698951 on Thu Oct 24 19:15:34 MDT 2019)
* Project:        puf
* Solution:       solution1
* Product family: artix7
* Target device:  xc7a200t-sbg484-1


================================================================
== Performance Estimates
================================================================
+ Timing: 
    * Summary: 
    +--------+----------+-----------+------------+
    |  Clock |  Target  | Estimated | Uncertainty|
    +--------+----------+-----------+------------+
    |ap_clk  | 10.00 ns | 11.000 ns |   1.25 ns  |
    +--------+----------+-----------+------------+

+ Latency: 
    * Summary: 
    +---------+---------+-----------+-----------+--------+--------+----------+
    |  Latency (cycles) |   Latency (absolute)  |     Interval    | Pipeline |
    |   min   |   max   |    min    |    max    |   min  |   max  |   Type   |
    +---------+---------+-----------+-----------+--------+--------+----------+
    |   930674|   943940| 10.237 ms | 10.383 ms |  930661|  943922| dataflow |
    +---------+---------+-----------+-----------+--------+--------+----------+

    + Detail: 
        * Instance: 
        +-----------------+--------------+---------+---------+-----------+-----------+--------+--------+---------+
        |                 |              |  Latency (cycles) |   Latency (absolute)  |     Interval    | Pipeline|
        |     Instance    |    Module    |   min   |   max   |    min    |    max    |   min  |   max  |   Type  |
        +-----------------+--------------+---------+---------+-----------+-----------+--------+--------+---------+
        |AddWeighted_U0   |AddWeighted   |        1|   943921| 11.000 ns | 10.383 ms |       1|  943921|   none  |
        |Sobel_U0         |Sobel         |   930660|   930660| 10.237 ms | 10.237 ms |  930660|  930660|   none  |
        |Sobel_1_U0       |Sobel_1       |   930660|   930660| 10.237 ms | 10.237 ms |  930660|  930660|   none  |
        |GaussianBlur_U0  |GaussianBlur  |   930660|   930660| 10.237 ms | 10.237 ms |  930660|  930660|   none  |
        |AXIvideo2Mat_U0  |AXIvideo2Mat  |        3|   925203| 33.000 ns | 10.177 ms |       3|  925203|   none  |
        |CvtColor_1_U0    |CvtColor_1    |        1|   925921| 11.000 ns | 10.185 ms |       1|  925921|   none  |
        |Mat2AXIvideo_U0  |Mat2AXIvideo  |   924481|   924481| 10.169 ms | 10.169 ms |  924481|  924481|   none  |
        |CvtColor_U0      |CvtColor      |        1|   923761| 11.000 ns | 10.161 ms |       1|  923761|   none  |
        |Duplicate_U0     |Duplicate     |   923761|   923761| 10.161 ms | 10.161 ms |  923761|  923761|   none  |
        |Block_proc_U0    |Block_proc    |        0|        0|    0 ns   |    0 ns   |       0|       0|   none  |
        +-----------------+--------------+---------+---------+-----------+-----------+--------+--------+---------+

        * Loop: 
        N/A



================================================================
== Utilization Estimates
================================================================
* Summary: 
+-----------------+---------+-------+--------+--------+-----+
|       Name      | BRAM_18K| DSP48E|   FF   |   LUT  | URAM|
+-----------------+---------+-------+--------+--------+-----+
|DSP              |        -|      -|       -|       -|    -|
|Expression       |        -|      -|       0|      34|    -|
|FIFO             |        0|      -|     107|     408|    -|
|Instance         |        9|     35|    5900|    9617|    0|
|Memory           |        -|      -|       -|       -|    -|
|Multiplexer      |        -|      -|       -|      36|    -|
|Register         |        -|      -|       6|       -|    -|
+-----------------+---------+-------+--------+--------+-----+
|Total            |        9|     35|    6013|   10095|    0|
+-----------------+---------+-------+--------+--------+-----+
|Available        |      730|    740|  269200|  134600|    0|
+-----------------+---------+-------+--------+--------+-----+
|Utilization (%)  |        1|      4|       2|       7|    0|
+-----------------+---------+-------+--------+--------+-----+

+ Detail: 
    * Instance: 
    +-----------------+--------------+---------+-------+------+------+-----+
    |     Instance    |    Module    | BRAM_18K| DSP48E|  FF  |  LUT | URAM|
    +-----------------+--------------+---------+-------+------+------+-----+
    |AXIvideo2Mat_U0  |AXIvideo2Mat  |        0|      0|   325|   445|    0|
    |AddWeighted_U0   |AddWeighted   |        0|     28|  3667|  4686|    0|
    |Block_proc_U0    |Block_proc    |        0|      0|     3|    56|    0|
    |CvtColor_U0      |CvtColor      |        0|      0|    63|   203|    0|
    |CvtColor_1_U0    |CvtColor_1    |        0|      3|   238|   267|    0|
    |Duplicate_U0     |Duplicate     |        0|      0|    40|   176|    0|
    |GaussianBlur_U0  |GaussianBlur  |        3|      4|   497|  1076|    0|
    |Mat2AXIvideo_U0  |Mat2AXIvideo  |        0|      0|    43|   198|    0|
    |Sobel_U0         |Sobel         |        3|      0|   512|  1255|    0|
    |Sobel_1_U0       |Sobel_1       |        3|      0|   512|  1255|    0|
    +-----------------+--------------+---------+-------+------+------+-----+
    |Total            |              |        9|     35|  5900|  9617|    0|
    +-----------------+--------------+---------+-------+------+------+-----+

    * DSP48E: 
    N/A

    * Memory: 
    N/A

    * FIFO: 
    +------------------------+---------+---+----+-----+------+-----+---------+
    |          Name          | BRAM_18K| FF| LUT| URAM| Depth| Bits| Size:D*B|
    +------------------------+---------+---+----+-----+------+-----+---------+
    |img_0_cols_V_c23_U      |        0|  5|   0|    -|     2|   12|       24|
    |img_0_cols_V_c_U        |        0|  5|   0|    -|     2|   12|       24|
    |img_0_data_stream_0_U   |        0|  5|   0|    -|     2|    8|       16|
    |img_0_data_stream_1_U   |        0|  5|   0|    -|     2|    8|       16|
    |img_0_data_stream_2_U   |        0|  5|   0|    -|     2|    8|       16|
    |img_0_rows_V_c22_U      |        0|  5|   0|    -|     2|   11|       22|
    |img_0_rows_V_c_U        |        0|  5|   0|    -|     2|   11|       22|
    |img_1_data_stream_0_U   |        0|  5|   0|    -|     2|    8|       16|
    |img_2_data_stream_0_U   |        0|  5|   0|    -|     2|    8|       16|
    |img_2a_data_stream_0_U  |        0|  5|   0|    -|     2|    8|       16|
    |img_2b_data_stream_0_U  |        0|  5|   0|    -|     2|    8|       16|
    |img_3_data_stream_0_U   |        0|  5|   0|    -|     2|    8|       16|
    |img_4_data_stream_0_U   |        0|  5|   0|    -|     2|    8|       16|
    |img_5_cols_V_c25_U      |        0|  5|   0|    -|     2|   12|       24|
    |img_5_cols_V_c_U        |        0|  6|   0|    -|     7|   12|       84|
    |img_5_data_stream_0_U   |        0|  5|   0|    -|     2|    8|       16|
    |img_5_rows_V_c24_U      |        0|  5|   0|    -|     2|   11|       22|
    |img_5_rows_V_c_U        |        0|  6|   0|    -|     7|   11|       77|
    |img_6_data_stream_0_U   |        0|  5|   0|    -|     2|    8|       16|
    |img_6_data_stream_1_U   |        0|  5|   0|    -|     2|    8|       16|
    |img_6_data_stream_2_U   |        0|  5|   0|    -|     2|    8|       16|
    +------------------------+---------+---+----+-----+------+-----+---------+
    |Total                   |        0|107|   0|    0|    52|  196|      507|
    +------------------------+---------+---+----+-----+------+-----+---------+

    * Expression: 
    +----------------------------------+----------+-------+---+----+------------+------------+
    |           Variable Name          | Operation| DSP48E| FF| LUT| Bitwidth P0| Bitwidth P1|
    +----------------------------------+----------+-------+---+----+------------+------------+
    |AXIvideo2Mat_U0_ap_ready_count    |     +    |      0|  0|  10|           2|           1|
    |Block_proc_U0_ap_ready_count      |     +    |      0|  0|  10|           2|           1|
    |AXIvideo2Mat_U0_ap_start          |    and   |      0|  0|   2|           1|           1|
    |Block_proc_U0_ap_start            |    and   |      0|  0|   2|           1|           1|
    |Duplicate_U0_start_full_n         |    and   |      0|  0|   2|           1|           1|
    |ap_idle                           |    and   |      0|  0|   2|           1|           1|
    |ap_sync_ready                     |    and   |      0|  0|   2|           1|           1|
    |ap_sync_AXIvideo2Mat_U0_ap_ready  |    or    |      0|  0|   2|           1|           1|
    |ap_sync_Block_proc_U0_ap_ready    |    or    |      0|  0|   2|           1|           1|
    +----------------------------------+----------+-------+---+----+------------+------------+
    |Total                             |          |      0|  0|  34|          11|           9|
    +----------------------------------+----------+-------+---+----+------------+------------+

    * Multiplexer: 
    +--------------------------------------+----+-----------+-----+-----------+
    |                 Name                 | LUT| Input Size| Bits| Total Bits|
    +--------------------------------------+----+-----------+-----+-----------+
    |AXIvideo2Mat_U0_ap_ready_count        |   9|          2|    2|          4|
    |Block_proc_U0_ap_ready_count          |   9|          2|    2|          4|
    |ap_sync_reg_AXIvideo2Mat_U0_ap_ready  |   9|          2|    1|          2|
    |ap_sync_reg_Block_proc_U0_ap_ready    |   9|          2|    1|          2|
    +--------------------------------------+----+-----------+-----+-----------+
    |Total                                 |  36|          8|    6|         12|
    +--------------------------------------+----+-----------+-----+-----------+

    * Register: 
    +--------------------------------------+---+----+-----+-----------+
    |                 Name                 | FF| LUT| Bits| Const Bits|
    +--------------------------------------+---+----+-----+-----------+
    |AXIvideo2Mat_U0_ap_ready_count        |  2|   0|    2|          0|
    |Block_proc_U0_ap_ready_count          |  2|   0|    2|          0|
    |ap_sync_reg_AXIvideo2Mat_U0_ap_ready  |  1|   0|    1|          0|
    |ap_sync_reg_Block_proc_U0_ap_ready    |  1|   0|    1|          0|
    +--------------------------------------+---+----+-----+-----------+
    |Total                                 |  6|   0|    6|          0|
    +--------------------------------------+---+----+-----+-----------+



================================================================
== Interface
================================================================
* Summary: 
+----------------------+-----+-----+------------+------------------------+--------------+
|       RTL Ports      | Dir | Bits|  Protocol  |      Source Object     |    C Type    |
+----------------------+-----+-----+------------+------------------------+--------------+
|INPUT_STREAM_TDATA    |  in |   24|    axis    |  INPUT_STREAM_V_data_V |    pointer   |
|INPUT_STREAM_TKEEP    |  in |    3|    axis    |  INPUT_STREAM_V_keep_V |    pointer   |
|INPUT_STREAM_TSTRB    |  in |    3|    axis    |  INPUT_STREAM_V_strb_V |    pointer   |
|INPUT_STREAM_TUSER    |  in |    1|    axis    |  INPUT_STREAM_V_user_V |    pointer   |
|INPUT_STREAM_TLAST    |  in |    1|    axis    |  INPUT_STREAM_V_last_V |    pointer   |
|INPUT_STREAM_TID      |  in |    1|    axis    |   INPUT_STREAM_V_id_V  |    pointer   |
|INPUT_STREAM_TDEST    |  in |    1|    axis    |  INPUT_STREAM_V_dest_V |    pointer   |
|INPUT_STREAM_TVALID   |  in |    1|    axis    |  INPUT_STREAM_V_dest_V |    pointer   |
|INPUT_STREAM_TREADY   | out |    1|    axis    |  INPUT_STREAM_V_dest_V |    pointer   |
|OUTPUT_STREAM_TDATA   | out |   24|    axis    | OUTPUT_STREAM_V_data_V |    pointer   |
|OUTPUT_STREAM_TKEEP   | out |    3|    axis    | OUTPUT_STREAM_V_keep_V |    pointer   |
|OUTPUT_STREAM_TSTRB   | out |    3|    axis    | OUTPUT_STREAM_V_strb_V |    pointer   |
|OUTPUT_STREAM_TUSER   | out |    1|    axis    | OUTPUT_STREAM_V_user_V |    pointer   |
|OUTPUT_STREAM_TLAST   | out |    1|    axis    | OUTPUT_STREAM_V_last_V |    pointer   |
|OUTPUT_STREAM_TID     | out |    1|    axis    |  OUTPUT_STREAM_V_id_V  |    pointer   |
|OUTPUT_STREAM_TDEST   | out |    1|    axis    | OUTPUT_STREAM_V_dest_V |    pointer   |
|OUTPUT_STREAM_TVALID  | out |    1|    axis    | OUTPUT_STREAM_V_dest_V |    pointer   |
|OUTPUT_STREAM_TREADY  |  in |    1|    axis    | OUTPUT_STREAM_V_dest_V |    pointer   |
|ap_clk                |  in |    1| ap_ctrl_hs |      image_filter      | return value |
|ap_rst_n              |  in |    1| ap_ctrl_hs |      image_filter      | return value |
|ap_start              |  in |    1| ap_ctrl_hs |      image_filter      | return value |
|ap_done               | out |    1| ap_ctrl_hs |      image_filter      | return value |
|ap_ready              | out |    1| ap_ctrl_hs |      image_filter      | return value |
|ap_idle               | out |    1| ap_ctrl_hs |      image_filter      | return value |
+----------------------+-----+-----+------------+------------------------+--------------+

