
*** Running vivado
    with args -log design_1_top_mine_0_0.vds -m64 -product Vivado -mode batch -messageDb vivado.pb -notrace -source design_1_top_mine_0_0.tcl


****** Vivado v2016.4 (64-bit)
  **** SW Build 1756540 on Mon Jan 23 19:11:23 MST 2017
  **** IP Build 1755317 on Mon Jan 23 20:30:07 MST 2017
    ** Copyright 1986-2016 Xilinx, Inc. All Rights Reserved.

source design_1_top_mine_0_0.tcl -notrace
Command: synth_design -top design_1_top_mine_0_0 -part xc7a200tsbg484-1 -mode out_of_context
Starting synth_design
Attempting to get a license for feature 'Synthesis' and/or device 'xc7a200t'
INFO: [Common 17-349] Got license for feature 'Synthesis' and/or device 'xc7a200t'
INFO: Launching helper process for spawning children vivado processes
INFO: Helper process launched with PID 4800 
---------------------------------------------------------------------------------
Starting RTL Elaboration : Time (s): cpu = 00:00:05 ; elapsed = 00:00:08 . Memory (MB): peak = 286.688 ; gain = 76.617
---------------------------------------------------------------------------------
INFO: [Synth 8-638] synthesizing module 'design_1_top_mine_0_0' [e:/STUDIA/PUF/niegotowiec/niegotowiec.srcs/sources_1/bd/design_1/ip/design_1_top_mine_0_0/synth/design_1_top_mine_0_0.v:57]
INFO: [Synth 8-638] synthesizing module 'top_mine' [e:/STUDIA/PUF/niegotowiec/niegotowiec.srcs/sources_1/bd/design_1/ipshared/51ee/sources_1/new/top_mine.v:3]
INFO: [Synth 8-638] synthesizing module 'generator' [e:/STUDIA/PUF/niegotowiec/niegotowiec.srcs/sources_1/bd/design_1/ipshared/51ee/sources_1/new/top_mine.v:124]
INFO: [Synth 8-256] done synthesizing module 'generator' (1#1) [e:/STUDIA/PUF/niegotowiec/niegotowiec.srcs/sources_1/bd/design_1/ipshared/51ee/sources_1/new/top_mine.v:124]
INFO: [Synth 8-638] synthesizing module 'tmds_encoder' [e:/STUDIA/PUF/niegotowiec/niegotowiec.srcs/sources_1/bd/design_1/ipshared/51ee/sources_1/new/top_mine.v:81]
INFO: [Synth 8-256] done synthesizing module 'tmds_encoder' (2#1) [e:/STUDIA/PUF/niegotowiec/niegotowiec.srcs/sources_1/bd/design_1/ipshared/51ee/sources_1/new/top_mine.v:81]
INFO: [Synth 8-638] synthesizing module 'serializer' [e:/STUDIA/PUF/niegotowiec/niegotowiec.srcs/sources_1/bd/design_1/ipshared/51ee/sources_1/new/top_mine.v:36]
INFO: [Synth 8-256] done synthesizing module 'serializer' (3#1) [e:/STUDIA/PUF/niegotowiec/niegotowiec.srcs/sources_1/bd/design_1/ipshared/51ee/sources_1/new/top_mine.v:36]
INFO: [Synth 8-638] synthesizing module 'OBUFDS' [C:/Xilinx/Vivado/2016.4/scripts/rt/data/unisim_comp.v:21941]
	Parameter CAPACITANCE bound to: DONT_CARE - type: string 
	Parameter IOSTANDARD bound to: DEFAULT - type: string 
	Parameter SLEW bound to: SLOW - type: string 
INFO: [Synth 8-256] done synthesizing module 'OBUFDS' (4#1) [C:/Xilinx/Vivado/2016.4/scripts/rt/data/unisim_comp.v:21941]
INFO: [Synth 8-256] done synthesizing module 'top_mine' (5#1) [e:/STUDIA/PUF/niegotowiec/niegotowiec.srcs/sources_1/bd/design_1/ipshared/51ee/sources_1/new/top_mine.v:3]
INFO: [Synth 8-256] done synthesizing module 'design_1_top_mine_0_0' (6#1) [e:/STUDIA/PUF/niegotowiec/niegotowiec.srcs/sources_1/bd/design_1/ip/design_1_top_mine_0_0/synth/design_1_top_mine_0_0.v:57]
---------------------------------------------------------------------------------
Finished RTL Elaboration : Time (s): cpu = 00:00:06 ; elapsed = 00:00:08 . Memory (MB): peak = 323.281 ; gain = 113.211
---------------------------------------------------------------------------------

Report Check Netlist: 
+------+------------------+-------+---------+-------+------------------+
|      |Item              |Errors |Warnings |Status |Description       |
+------+------------------+-------+---------+-------+------------------+
|1     |multi_driven_nets |      0|        0|Passed |Multi driven nets |
+------+------------------+-------+---------+-------+------------------+
---------------------------------------------------------------------------------
Finished RTL Optimization Phase 1 : Time (s): cpu = 00:00:06 ; elapsed = 00:00:09 . Memory (MB): peak = 323.281 ; gain = 113.211
---------------------------------------------------------------------------------
INFO: [Netlist 29-17] Analyzing 4 Unisim elements for replacement
INFO: [Netlist 29-28] Unisim Transformation completed in 0 CPU seconds
INFO: [Device 21-403] Loading part xc7a200tsbg484-1
INFO: [Project 1-570] Preparing netlist for logic optimization

Processing XDC Constraints
Initializing timing engine
Parsing XDC File [e:/STUDIA/PUF/niegotowiec/niegotowiec.srcs/sources_1/bd/design_1/ip/design_1_top_mine_0_0/constrs_1/new/cons.xdc] for cell 'inst'
Finished Parsing XDC File [e:/STUDIA/PUF/niegotowiec/niegotowiec.srcs/sources_1/bd/design_1/ip/design_1_top_mine_0_0/constrs_1/new/cons.xdc] for cell 'inst'
INFO: [Project 1-236] Implementation specific constraints were found while reading constraint file [e:/STUDIA/PUF/niegotowiec/niegotowiec.srcs/sources_1/bd/design_1/ip/design_1_top_mine_0_0/constrs_1/new/cons.xdc]. These constraints will be ignored for synthesis but will be used in implementation. Impacted constraints are listed in the file [.Xil/design_1_top_mine_0_0_propImpl.xdc].
Resolution: To avoid this warning, move constraints listed in [.Xil/design_1_top_mine_0_0_propImpl.xdc] to another XDC file and exclude this new file from synthesis with the used_in_synthesis property (File Properties dialog in GUI) and re-run elaboration/synthesis.
Parsing XDC File [E:/STUDIA/PUF/niegotowiec/niegotowiec.runs/design_1_top_mine_0_0_synth_1/dont_touch.xdc]
Finished Parsing XDC File [E:/STUDIA/PUF/niegotowiec/niegotowiec.runs/design_1_top_mine_0_0_synth_1/dont_touch.xdc]
Completed Processing XDC Constraints

INFO: [Project 1-111] Unisim Transformation Summary:
  A total of 4 instances were transformed.
  OBUFDS => OBUFDS_DUAL_BUF (OBUFDS, OBUFDS, INV): 4 instances

Constraint Validation Runtime : Time (s): cpu = 00:00:00 ; elapsed = 00:00:00.021 . Memory (MB): peak = 667.484 ; gain = 0.000
---------------------------------------------------------------------------------
Finished Constraint Validation : Time (s): cpu = 00:00:17 ; elapsed = 00:00:20 . Memory (MB): peak = 667.484 ; gain = 457.414
---------------------------------------------------------------------------------
---------------------------------------------------------------------------------
Start Loading Part and Timing Information
---------------------------------------------------------------------------------
Loading part: xc7a200tsbg484-1
---------------------------------------------------------------------------------
Finished Loading Part and Timing Information : Time (s): cpu = 00:00:17 ; elapsed = 00:00:20 . Memory (MB): peak = 667.484 ; gain = 457.414
---------------------------------------------------------------------------------
---------------------------------------------------------------------------------
Start Applying 'set_property' XDC Constraints
---------------------------------------------------------------------------------
Applied set_property DONT_TOUCH = true for inst. (constraint file  auto generated constraint, line ).
---------------------------------------------------------------------------------
Finished applying 'set_property' XDC Constraints : Time (s): cpu = 00:00:17 ; elapsed = 00:00:20 . Memory (MB): peak = 667.484 ; gain = 457.414
---------------------------------------------------------------------------------
INFO: [Synth 8-5546] ROM "CounterY" won't be mapped to RAM because it is too sparse
INFO: [Synth 8-41] '+' operator could not be merged with '+' operator due to loss of accuracy [e:/STUDIA/PUF/niegotowiec/niegotowiec.srcs/sources_1/bd/design_1/ipshared/51ee/sources_1/new/top_mine.v:103]
INFO: [Synth 8-41] '+' operator could not be merged with '+' operator due to loss of accuracy [e:/STUDIA/PUF/niegotowiec/niegotowiec.srcs/sources_1/bd/design_1/ipshared/51ee/sources_1/new/top_mine.v:103]
INFO: [Synth 8-41] '+' operator could not be merged with '+' operator due to loss of accuracy [e:/STUDIA/PUF/niegotowiec/niegotowiec.srcs/sources_1/bd/design_1/ipshared/51ee/sources_1/new/top_mine.v:103]
INFO: [Synth 8-41] '+' operator could not be merged with '+' operator due to loss of accuracy [e:/STUDIA/PUF/niegotowiec/niegotowiec.srcs/sources_1/bd/design_1/ipshared/51ee/sources_1/new/top_mine.v:103]
INFO: [Synth 8-41] '+' operator could not be merged with '+' operator due to loss of accuracy [e:/STUDIA/PUF/niegotowiec/niegotowiec.srcs/sources_1/bd/design_1/ipshared/51ee/sources_1/new/top_mine.v:103]
INFO: [Synth 8-41] '+' operator could not be merged with '+' operator due to loss of accuracy [e:/STUDIA/PUF/niegotowiec/niegotowiec.srcs/sources_1/bd/design_1/ipshared/51ee/sources_1/new/top_mine.v:103]
---------------------------------------------------------------------------------
Finished RTL Optimization Phase 2 : Time (s): cpu = 00:00:17 ; elapsed = 00:00:20 . Memory (MB): peak = 667.484 ; gain = 457.414
---------------------------------------------------------------------------------

Report RTL Partitions: 
+-+--------------+------------+----------+
| |RTL Partition |Replication |Instances |
+-+--------------+------------+----------+
+-+--------------+------------+----------+
---------------------------------------------------------------------------------
Start RTL Component Statistics 
---------------------------------------------------------------------------------
Detailed RTL Component Info : 
+---Adders : 
	   2 Input     10 Bit       Adders := 2     
	   2 Input      5 Bit       Adders := 3     
	   3 Input      5 Bit       Adders := 9     
	   8 Input      4 Bit       Adders := 3     
	   9 Input      4 Bit       Adders := 3     
	   2 Input      4 Bit       Adders := 3     
	   2 Input      1 Bit       Adders := 3     
+---XORs : 
	   3 Input      7 Bit         XORs := 3     
+---Registers : 
	               10 Bit    Registers := 5     
	                8 Bit    Registers := 3     
	                5 Bit    Registers := 3     
	                4 Bit    Registers := 3     
	                1 Bit    Registers := 6     
+---Muxes : 
	   5 Input     10 Bit        Muxes := 3     
	   2 Input      8 Bit        Muxes := 9     
	   2 Input      5 Bit        Muxes := 15    
	   2 Input      4 Bit        Muxes := 3     
	   2 Input      2 Bit        Muxes := 6     
	   2 Input      1 Bit        Muxes := 1     
---------------------------------------------------------------------------------
Finished RTL Component Statistics 
---------------------------------------------------------------------------------
---------------------------------------------------------------------------------
Start RTL Hierarchical Component Statistics 
---------------------------------------------------------------------------------
Hierarchical RTL Component report 
Module generator 
Detailed RTL Component Info : 
+---Adders : 
	   2 Input     10 Bit       Adders := 2     
+---Registers : 
	               10 Bit    Registers := 2     
	                8 Bit    Registers := 3     
	                1 Bit    Registers := 3     
+---Muxes : 
	   2 Input      1 Bit        Muxes := 1     
Module tmds_encoder 
Detailed RTL Component Info : 
+---Adders : 
	   2 Input      5 Bit       Adders := 1     
	   3 Input      5 Bit       Adders := 3     
	   8 Input      4 Bit       Adders := 1     
	   9 Input      4 Bit       Adders := 1     
	   2 Input      1 Bit       Adders := 1     
+---XORs : 
	   3 Input      7 Bit         XORs := 1     
+---Registers : 
	               10 Bit    Registers := 1     
	                5 Bit    Registers := 1     
+---Muxes : 
	   5 Input     10 Bit        Muxes := 1     
	   2 Input      8 Bit        Muxes := 3     
	   2 Input      5 Bit        Muxes := 5     
	   2 Input      2 Bit        Muxes := 2     
Module serializer 
Detailed RTL Component Info : 
+---Adders : 
	   2 Input      4 Bit       Adders := 1     
+---Registers : 
	                4 Bit    Registers := 1     
	                1 Bit    Registers := 1     
+---Muxes : 
	   2 Input      4 Bit        Muxes := 1     
---------------------------------------------------------------------------------
Finished RTL Hierarchical Component Statistics
---------------------------------------------------------------------------------
---------------------------------------------------------------------------------
Start Part Resource Summary
---------------------------------------------------------------------------------
Part Resources:
DSPs: 740 (col length:100)
BRAMs: 730 (col length: RAMB18 100 RAMB36 50)
---------------------------------------------------------------------------------
Finished Part Resource Summary
---------------------------------------------------------------------------------
---------------------------------------------------------------------------------
Start Cross Boundary and Area Optimization
---------------------------------------------------------------------------------
INFO: [Synth 8-41] '+' operator could not be merged with '+' operator due to loss of accuracy [e:/STUDIA/PUF/niegotowiec/niegotowiec.srcs/sources_1/bd/design_1/ipshared/51ee/sources_1/new/top_mine.v:103]
INFO: [Synth 8-41] '+' operator could not be merged with '+' operator due to loss of accuracy [e:/STUDIA/PUF/niegotowiec/niegotowiec.srcs/sources_1/bd/design_1/ipshared/51ee/sources_1/new/top_mine.v:103]
INFO: [Synth 8-41] '+' operator could not be merged with '+' operator due to loss of accuracy [e:/STUDIA/PUF/niegotowiec/niegotowiec.srcs/sources_1/bd/design_1/ipshared/51ee/sources_1/new/top_mine.v:103]
INFO: [Synth 8-5546] ROM "gen/CounterY" won't be mapped to RAM because it is too sparse
INFO: [Synth 8-3886] merging instance 'inst/gen/red_reg[1]' (FD) to 'inst/gen/red_reg[0]'
---------------------------------------------------------------------------------
Finished Cross Boundary and Area Optimization : Time (s): cpu = 00:00:19 ; elapsed = 00:00:22 . Memory (MB): peak = 667.484 ; gain = 457.414
---------------------------------------------------------------------------------

Report RTL Partitions: 
+-+--------------+------------+----------+
| |RTL Partition |Replication |Instances |
+-+--------------+------------+----------+
+-+--------------+------------+----------+
---------------------------------------------------------------------------------
Start Timing Optimization
---------------------------------------------------------------------------------
---------------------------------------------------------------------------------
Start Applying XDC Timing Constraints
---------------------------------------------------------------------------------
---------------------------------------------------------------------------------
Finished Applying XDC Timing Constraints : Time (s): cpu = 00:00:29 ; elapsed = 00:00:33 . Memory (MB): peak = 667.484 ; gain = 457.414
---------------------------------------------------------------------------------
---------------------------------------------------------------------------------
Finished Timing Optimization : Time (s): cpu = 00:00:30 ; elapsed = 00:00:33 . Memory (MB): peak = 667.484 ; gain = 457.414
---------------------------------------------------------------------------------

Report RTL Partitions: 
+-+--------------+------------+----------+
| |RTL Partition |Replication |Instances |
+-+--------------+------------+----------+
+-+--------------+------------+----------+
---------------------------------------------------------------------------------
Start Technology Mapping
---------------------------------------------------------------------------------
---------------------------------------------------------------------------------
Finished Technology Mapping : Time (s): cpu = 00:00:30 ; elapsed = 00:00:33 . Memory (MB): peak = 667.484 ; gain = 457.414
---------------------------------------------------------------------------------

Report RTL Partitions: 
+-+--------------+------------+----------+
| |RTL Partition |Replication |Instances |
+-+--------------+------------+----------+
+-+--------------+------------+----------+
---------------------------------------------------------------------------------
Start IO Insertion
---------------------------------------------------------------------------------
---------------------------------------------------------------------------------
Start Flattening Before IO Insertion
---------------------------------------------------------------------------------
---------------------------------------------------------------------------------
Finished Flattening Before IO Insertion
---------------------------------------------------------------------------------
---------------------------------------------------------------------------------
Start Final Netlist Cleanup
---------------------------------------------------------------------------------
---------------------------------------------------------------------------------
Finished Final Netlist Cleanup
---------------------------------------------------------------------------------
---------------------------------------------------------------------------------
Finished IO Insertion : Time (s): cpu = 00:00:30 ; elapsed = 00:00:34 . Memory (MB): peak = 667.484 ; gain = 457.414
---------------------------------------------------------------------------------

Report Check Netlist: 
+------+------------------+-------+---------+-------+------------------+
|      |Item              |Errors |Warnings |Status |Description       |
+------+------------------+-------+---------+-------+------------------+
|1     |multi_driven_nets |      0|        0|Passed |Multi driven nets |
+------+------------------+-------+---------+-------+------------------+
---------------------------------------------------------------------------------
Start Renaming Generated Instances
---------------------------------------------------------------------------------
---------------------------------------------------------------------------------
Finished Renaming Generated Instances : Time (s): cpu = 00:00:30 ; elapsed = 00:00:34 . Memory (MB): peak = 667.484 ; gain = 457.414
---------------------------------------------------------------------------------

Report RTL Partitions: 
+-+--------------+------------+----------+
| |RTL Partition |Replication |Instances |
+-+--------------+------------+----------+
+-+--------------+------------+----------+
---------------------------------------------------------------------------------
Start Rebuilding User Hierarchy
---------------------------------------------------------------------------------
---------------------------------------------------------------------------------
Finished Rebuilding User Hierarchy : Time (s): cpu = 00:00:30 ; elapsed = 00:00:34 . Memory (MB): peak = 667.484 ; gain = 457.414
---------------------------------------------------------------------------------
---------------------------------------------------------------------------------
Start Renaming Generated Ports
---------------------------------------------------------------------------------
---------------------------------------------------------------------------------
Finished Renaming Generated Ports : Time (s): cpu = 00:00:30 ; elapsed = 00:00:34 . Memory (MB): peak = 667.484 ; gain = 457.414
---------------------------------------------------------------------------------
---------------------------------------------------------------------------------
Start Handling Custom Attributes
---------------------------------------------------------------------------------
---------------------------------------------------------------------------------
Finished Handling Custom Attributes : Time (s): cpu = 00:00:31 ; elapsed = 00:00:34 . Memory (MB): peak = 667.484 ; gain = 457.414
---------------------------------------------------------------------------------
---------------------------------------------------------------------------------
Start Renaming Generated Nets
---------------------------------------------------------------------------------
---------------------------------------------------------------------------------
Finished Renaming Generated Nets : Time (s): cpu = 00:00:31 ; elapsed = 00:00:34 . Memory (MB): peak = 667.484 ; gain = 457.414
---------------------------------------------------------------------------------
---------------------------------------------------------------------------------
Start Writing Synthesis Report
---------------------------------------------------------------------------------

Report BlackBoxes: 
+-+--------------+----------+
| |BlackBox name |Instances |
+-+--------------+----------+
+-+--------------+----------+

Report Cell Usage: 
+------+-------+------+
|      |Cell   |Count |
+------+-------+------+
|1     |LUT1   |     7|
|2     |LUT2   |    26|
|3     |LUT3   |    31|
|4     |LUT4   |    22|
|5     |LUT5   |    62|
|6     |LUT6   |    69|
|7     |FDRE   |    65|
|8     |FDSE   |    41|
|9     |OBUFDS |     4|
+------+-------+------+

Report Instance Areas: 
+------+---------------------+---------------+------+
|      |Instance             |Module         |Cells |
+------+---------------------+---------------+------+
|1     |top                  |               |   327|
|2     |  inst               |top_mine       |   327|
|3     |    gen              |generator      |   215|
|4     |    serializer_blue  |serializer     |    12|
|5     |    serializer_green |serializer_0   |    12|
|6     |    serializer_red   |serializer_1   |    12|
|7     |    tmds_blue        |tmds_encoder   |    24|
|8     |    tmds_green       |tmds_encoder_2 |    24|
|9     |    tmds_red         |tmds_encoder_3 |    24|
+------+---------------------+---------------+------+
---------------------------------------------------------------------------------
Finished Writing Synthesis Report : Time (s): cpu = 00:00:31 ; elapsed = 00:00:34 . Memory (MB): peak = 667.484 ; gain = 457.414
---------------------------------------------------------------------------------
Synthesis finished with 0 errors, 0 critical warnings and 0 warnings.
Synthesis Optimization Runtime : Time (s): cpu = 00:00:17 ; elapsed = 00:00:22 . Memory (MB): peak = 667.484 ; gain = 112.188
Synthesis Optimization Complete : Time (s): cpu = 00:00:31 ; elapsed = 00:00:34 . Memory (MB): peak = 667.484 ; gain = 457.414
INFO: [Project 1-571] Translating synthesized netlist
INFO: [Netlist 29-17] Analyzing 4 Unisim elements for replacement
INFO: [Netlist 29-28] Unisim Transformation completed in 0 CPU seconds
INFO: [Project 1-570] Preparing netlist for logic optimization
Parsing XDC File [e:/STUDIA/PUF/niegotowiec/niegotowiec.srcs/sources_1/bd/design_1/ip/design_1_top_mine_0_0/constrs_1/new/cons.xdc] for cell 'inst'
Finished Parsing XDC File [e:/STUDIA/PUF/niegotowiec/niegotowiec.srcs/sources_1/bd/design_1/ip/design_1_top_mine_0_0/constrs_1/new/cons.xdc] for cell 'inst'
INFO: [Opt 31-138] Pushed 0 inverter(s) to 0 load pin(s).
INFO: [Project 1-111] Unisim Transformation Summary:
  A total of 4 instances were transformed.
  OBUFDS => OBUFDS: 4 instances

INFO: [Common 17-83] Releasing license: Synthesis
38 Infos, 0 Warnings, 0 Critical Warnings and 0 Errors encountered.
synth_design completed successfully
synth_design: Time (s): cpu = 00:00:30 ; elapsed = 00:00:32 . Memory (MB): peak = 667.484 ; gain = 456.391
INFO: [Common 17-1381] The checkpoint 'E:/STUDIA/PUF/niegotowiec/niegotowiec.runs/design_1_top_mine_0_0_synth_1/design_1_top_mine_0_0.dcp' has been generated.
INFO: [Coretcl 2-1482] Added synthesis output to IP cache for IP e:/STUDIA/PUF/niegotowiec/niegotowiec.srcs/sources_1/bd/design_1/ip/design_1_top_mine_0_0/design_1_top_mine_0_0.xci
INFO: [Coretcl 2-1174] Renamed 8 cell refs.
INFO: [Common 17-1381] The checkpoint 'E:/STUDIA/PUF/niegotowiec/niegotowiec.runs/design_1_top_mine_0_0_synth_1/design_1_top_mine_0_0.dcp' has been generated.
report_utilization: Time (s): cpu = 00:00:00 ; elapsed = 00:00:00.040 . Memory (MB): peak = 667.484 ; gain = 0.000
INFO: [Common 17-206] Exiting Vivado at Sat Jun 13 11:39:20 2020...

*** Running vivado
    with args -log design_1_top_mine_0_0.vds -m64 -product Vivado -mode batch -messageDb vivado.pb -notrace -source design_1_top_mine_0_0.tcl


****** Vivado v2016.4 (64-bit)
  **** SW Build 1756540 on Mon Jan 23 19:11:23 MST 2017
  **** IP Build 1755317 on Mon Jan 23 20:30:07 MST 2017
    ** Copyright 1986-2016 Xilinx, Inc. All Rights Reserved.

source design_1_top_mine_0_0.tcl -notrace
Command: synth_design -top design_1_top_mine_0_0 -part xc7a200tsbg484-1 -mode out_of_context
Starting synth_design
Attempting to get a license for feature 'Synthesis' and/or device 'xc7a200t'
INFO: [Common 17-349] Got license for feature 'Synthesis' and/or device 'xc7a200t'
INFO: Launching helper process for spawning children vivado processes
INFO: Helper process launched with PID 4920 
---------------------------------------------------------------------------------
Starting RTL Elaboration : Time (s): cpu = 00:00:05 ; elapsed = 00:00:08 . Memory (MB): peak = 286.918 ; gain = 76.773
---------------------------------------------------------------------------------
INFO: [Synth 8-638] synthesizing module 'design_1_top_mine_0_0' [e:/STUDIA/PUF/niegotowiec/niegotowiec.srcs/sources_1/bd/design_1/ip/design_1_top_mine_0_0/synth/design_1_top_mine_0_0.v:57]
INFO: [Synth 8-638] synthesizing module 'top_mine' [e:/STUDIA/PUF/niegotowiec/niegotowiec.srcs/sources_1/bd/design_1/ipshared/51ee/sources_1/new/top_mine.v:3]
INFO: [Synth 8-638] synthesizing module 'generator' [e:/STUDIA/PUF/niegotowiec/niegotowiec.srcs/sources_1/bd/design_1/ipshared/51ee/sources_1/new/top_mine.v:124]
INFO: [Synth 8-256] done synthesizing module 'generator' (1#1) [e:/STUDIA/PUF/niegotowiec/niegotowiec.srcs/sources_1/bd/design_1/ipshared/51ee/sources_1/new/top_mine.v:124]
INFO: [Synth 8-638] synthesizing module 'tmds_encoder' [e:/STUDIA/PUF/niegotowiec/niegotowiec.srcs/sources_1/bd/design_1/ipshared/51ee/sources_1/new/top_mine.v:81]
INFO: [Synth 8-256] done synthesizing module 'tmds_encoder' (2#1) [e:/STUDIA/PUF/niegotowiec/niegotowiec.srcs/sources_1/bd/design_1/ipshared/51ee/sources_1/new/top_mine.v:81]
INFO: [Synth 8-638] synthesizing module 'serializer' [e:/STUDIA/PUF/niegotowiec/niegotowiec.srcs/sources_1/bd/design_1/ipshared/51ee/sources_1/new/top_mine.v:36]
INFO: [Synth 8-256] done synthesizing module 'serializer' (3#1) [e:/STUDIA/PUF/niegotowiec/niegotowiec.srcs/sources_1/bd/design_1/ipshared/51ee/sources_1/new/top_mine.v:36]
INFO: [Synth 8-638] synthesizing module 'OBUFDS' [C:/Xilinx/Vivado/2016.4/scripts/rt/data/unisim_comp.v:21941]
	Parameter CAPACITANCE bound to: DONT_CARE - type: string 
	Parameter IOSTANDARD bound to: DEFAULT - type: string 
	Parameter SLEW bound to: SLOW - type: string 
INFO: [Synth 8-256] done synthesizing module 'OBUFDS' (4#1) [C:/Xilinx/Vivado/2016.4/scripts/rt/data/unisim_comp.v:21941]
INFO: [Synth 8-256] done synthesizing module 'top_mine' (5#1) [e:/STUDIA/PUF/niegotowiec/niegotowiec.srcs/sources_1/bd/design_1/ipshared/51ee/sources_1/new/top_mine.v:3]
INFO: [Synth 8-256] done synthesizing module 'design_1_top_mine_0_0' (6#1) [e:/STUDIA/PUF/niegotowiec/niegotowiec.srcs/sources_1/bd/design_1/ip/design_1_top_mine_0_0/synth/design_1_top_mine_0_0.v:57]
---------------------------------------------------------------------------------
Finished RTL Elaboration : Time (s): cpu = 00:00:06 ; elapsed = 00:00:09 . Memory (MB): peak = 323.508 ; gain = 113.363
---------------------------------------------------------------------------------

Report Check Netlist: 
+------+------------------+-------+---------+-------+------------------+
|      |Item              |Errors |Warnings |Status |Description       |
+------+------------------+-------+---------+-------+------------------+
|1     |multi_driven_nets |      0|        0|Passed |Multi driven nets |
+------+------------------+-------+---------+-------+------------------+
---------------------------------------------------------------------------------
Finished RTL Optimization Phase 1 : Time (s): cpu = 00:00:06 ; elapsed = 00:00:09 . Memory (MB): peak = 323.508 ; gain = 113.363
---------------------------------------------------------------------------------
INFO: [Netlist 29-17] Analyzing 4 Unisim elements for replacement
INFO: [Netlist 29-28] Unisim Transformation completed in 0 CPU seconds
INFO: [Device 21-403] Loading part xc7a200tsbg484-1
INFO: [Project 1-570] Preparing netlist for logic optimization

Processing XDC Constraints
Initializing timing engine
Parsing XDC File [e:/STUDIA/PUF/niegotowiec/niegotowiec.srcs/sources_1/bd/design_1/ip/design_1_top_mine_0_0/constrs_1/new/cons.xdc] for cell 'inst'
Finished Parsing XDC File [e:/STUDIA/PUF/niegotowiec/niegotowiec.srcs/sources_1/bd/design_1/ip/design_1_top_mine_0_0/constrs_1/new/cons.xdc] for cell 'inst'
INFO: [Project 1-236] Implementation specific constraints were found while reading constraint file [e:/STUDIA/PUF/niegotowiec/niegotowiec.srcs/sources_1/bd/design_1/ip/design_1_top_mine_0_0/constrs_1/new/cons.xdc]. These constraints will be ignored for synthesis but will be used in implementation. Impacted constraints are listed in the file [.Xil/design_1_top_mine_0_0_propImpl.xdc].
Resolution: To avoid this warning, move constraints listed in [.Xil/design_1_top_mine_0_0_propImpl.xdc] to another XDC file and exclude this new file from synthesis with the used_in_synthesis property (File Properties dialog in GUI) and re-run elaboration/synthesis.
Parsing XDC File [E:/STUDIA/PUF/niegotowiec/niegotowiec.runs/design_1_top_mine_0_0_synth_1/dont_touch.xdc]
Finished Parsing XDC File [E:/STUDIA/PUF/niegotowiec/niegotowiec.runs/design_1_top_mine_0_0_synth_1/dont_touch.xdc]
Completed Processing XDC Constraints

INFO: [Project 1-111] Unisim Transformation Summary:
  A total of 4 instances were transformed.
  OBUFDS => OBUFDS_DUAL_BUF (OBUFDS, OBUFDS, INV): 4 instances

Constraint Validation Runtime : Time (s): cpu = 00:00:00 ; elapsed = 00:00:00.033 . Memory (MB): peak = 667.289 ; gain = 0.000
---------------------------------------------------------------------------------
Finished Constraint Validation : Time (s): cpu = 00:00:17 ; elapsed = 00:00:21 . Memory (MB): peak = 667.289 ; gain = 457.145
---------------------------------------------------------------------------------
---------------------------------------------------------------------------------
Start Loading Part and Timing Information
---------------------------------------------------------------------------------
Loading part: xc7a200tsbg484-1
---------------------------------------------------------------------------------
Finished Loading Part and Timing Information : Time (s): cpu = 00:00:17 ; elapsed = 00:00:21 . Memory (MB): peak = 667.289 ; gain = 457.145
---------------------------------------------------------------------------------
---------------------------------------------------------------------------------
Start Applying 'set_property' XDC Constraints
---------------------------------------------------------------------------------
Applied set_property DONT_TOUCH = true for inst. (constraint file  auto generated constraint, line ).
---------------------------------------------------------------------------------
Finished applying 'set_property' XDC Constraints : Time (s): cpu = 00:00:17 ; elapsed = 00:00:21 . Memory (MB): peak = 667.289 ; gain = 457.145
---------------------------------------------------------------------------------
INFO: [Synth 8-5546] ROM "CounterY" won't be mapped to RAM because it is too sparse
INFO: [Synth 8-41] '+' operator could not be merged with '+' operator due to loss of accuracy [e:/STUDIA/PUF/niegotowiec/niegotowiec.srcs/sources_1/bd/design_1/ipshared/51ee/sources_1/new/top_mine.v:103]
INFO: [Synth 8-41] '+' operator could not be merged with '+' operator due to loss of accuracy [e:/STUDIA/PUF/niegotowiec/niegotowiec.srcs/sources_1/bd/design_1/ipshared/51ee/sources_1/new/top_mine.v:103]
INFO: [Synth 8-41] '+' operator could not be merged with '+' operator due to loss of accuracy [e:/STUDIA/PUF/niegotowiec/niegotowiec.srcs/sources_1/bd/design_1/ipshared/51ee/sources_1/new/top_mine.v:103]
INFO: [Synth 8-41] '+' operator could not be merged with '+' operator due to loss of accuracy [e:/STUDIA/PUF/niegotowiec/niegotowiec.srcs/sources_1/bd/design_1/ipshared/51ee/sources_1/new/top_mine.v:103]
INFO: [Synth 8-41] '+' operator could not be merged with '+' operator due to loss of accuracy [e:/STUDIA/PUF/niegotowiec/niegotowiec.srcs/sources_1/bd/design_1/ipshared/51ee/sources_1/new/top_mine.v:103]
INFO: [Synth 8-41] '+' operator could not be merged with '+' operator due to loss of accuracy [e:/STUDIA/PUF/niegotowiec/niegotowiec.srcs/sources_1/bd/design_1/ipshared/51ee/sources_1/new/top_mine.v:103]
---------------------------------------------------------------------------------
Finished RTL Optimization Phase 2 : Time (s): cpu = 00:00:18 ; elapsed = 00:00:21 . Memory (MB): peak = 667.289 ; gain = 457.145
---------------------------------------------------------------------------------

Report RTL Partitions: 
+-+--------------+------------+----------+
| |RTL Partition |Replication |Instances |
+-+--------------+------------+----------+
+-+--------------+------------+----------+
---------------------------------------------------------------------------------
Start RTL Component Statistics 
---------------------------------------------------------------------------------
Detailed RTL Component Info : 
+---Adders : 
	   2 Input     10 Bit       Adders := 2     
	   2 Input      5 Bit       Adders := 3     
	   3 Input      5 Bit       Adders := 9     
	   8 Input      4 Bit       Adders := 3     
	   9 Input      4 Bit       Adders := 3     
	   2 Input      4 Bit       Adders := 3     
	   2 Input      1 Bit       Adders := 3     
+---XORs : 
	   3 Input      7 Bit         XORs := 3     
+---Registers : 
	               10 Bit    Registers := 5     
	                8 Bit    Registers := 3     
	                5 Bit    Registers := 3     
	                4 Bit    Registers := 3     
	                1 Bit    Registers := 6     
+---Muxes : 
	   5 Input     10 Bit        Muxes := 3     
	   2 Input      8 Bit        Muxes := 9     
	   2 Input      5 Bit        Muxes := 15    
	   2 Input      4 Bit        Muxes := 3     
	   2 Input      2 Bit        Muxes := 6     
	   2 Input      1 Bit        Muxes := 1     
---------------------------------------------------------------------------------
Finished RTL Component Statistics 
---------------------------------------------------------------------------------
---------------------------------------------------------------------------------
Start RTL Hierarchical Component Statistics 
---------------------------------------------------------------------------------
Hierarchical RTL Component report 
Module generator 
Detailed RTL Component Info : 
+---Adders : 
	   2 Input     10 Bit       Adders := 2     
+---Registers : 
	               10 Bit    Registers := 2     
	                8 Bit    Registers := 3     
	                1 Bit    Registers := 3     
+---Muxes : 
	   2 Input      1 Bit        Muxes := 1     
Module tmds_encoder 
Detailed RTL Component Info : 
+---Adders : 
	   2 Input      5 Bit       Adders := 1     
	   3 Input      5 Bit       Adders := 3     
	   8 Input      4 Bit       Adders := 1     
	   9 Input      4 Bit       Adders := 1     
	   2 Input      1 Bit       Adders := 1     
+---XORs : 
	   3 Input      7 Bit         XORs := 1     
+---Registers : 
	               10 Bit    Registers := 1     
	                5 Bit    Registers := 1     
+---Muxes : 
	   5 Input     10 Bit        Muxes := 1     
	   2 Input      8 Bit        Muxes := 3     
	   2 Input      5 Bit        Muxes := 5     
	   2 Input      2 Bit        Muxes := 2     
Module serializer 
Detailed RTL Component Info : 
+---Adders : 
	   2 Input      4 Bit       Adders := 1     
+---Registers : 
	                4 Bit    Registers := 1     
	                1 Bit    Registers := 1     
+---Muxes : 
	   2 Input      4 Bit        Muxes := 1     
---------------------------------------------------------------------------------
Finished RTL Hierarchical Component Statistics
---------------------------------------------------------------------------------
---------------------------------------------------------------------------------
Start Part Resource Summary
---------------------------------------------------------------------------------
Part Resources:
DSPs: 740 (col length:100)
BRAMs: 730 (col length: RAMB18 100 RAMB36 50)
---------------------------------------------------------------------------------
Finished Part Resource Summary
---------------------------------------------------------------------------------
---------------------------------------------------------------------------------
Start Cross Boundary and Area Optimization
---------------------------------------------------------------------------------
INFO: [Synth 8-41] '+' operator could not be merged with '+' operator due to loss of accuracy [e:/STUDIA/PUF/niegotowiec/niegotowiec.srcs/sources_1/bd/design_1/ipshared/51ee/sources_1/new/top_mine.v:103]
INFO: [Synth 8-41] '+' operator could not be merged with '+' operator due to loss of accuracy [e:/STUDIA/PUF/niegotowiec/niegotowiec.srcs/sources_1/bd/design_1/ipshared/51ee/sources_1/new/top_mine.v:103]
INFO: [Synth 8-41] '+' operator could not be merged with '+' operator due to loss of accuracy [e:/STUDIA/PUF/niegotowiec/niegotowiec.srcs/sources_1/bd/design_1/ipshared/51ee/sources_1/new/top_mine.v:103]
INFO: [Synth 8-5546] ROM "gen/CounterY" won't be mapped to RAM because it is too sparse
INFO: [Synth 8-3886] merging instance 'inst/gen/red_reg[1]' (FD) to 'inst/gen/red_reg[0]'
---------------------------------------------------------------------------------
Finished Cross Boundary and Area Optimization : Time (s): cpu = 00:00:20 ; elapsed = 00:00:24 . Memory (MB): peak = 667.289 ; gain = 457.145
---------------------------------------------------------------------------------

Report RTL Partitions: 
+-+--------------+------------+----------+
| |RTL Partition |Replication |Instances |
+-+--------------+------------+----------+
+-+--------------+------------+----------+
---------------------------------------------------------------------------------
Start Timing Optimization
---------------------------------------------------------------------------------
---------------------------------------------------------------------------------
Start Applying XDC Timing Constraints
---------------------------------------------------------------------------------
---------------------------------------------------------------------------------
Finished Applying XDC Timing Constraints : Time (s): cpu = 00:00:30 ; elapsed = 00:00:35 . Memory (MB): peak = 667.289 ; gain = 457.145
---------------------------------------------------------------------------------
---------------------------------------------------------------------------------
Finished Timing Optimization : Time (s): cpu = 00:00:30 ; elapsed = 00:00:35 . Memory (MB): peak = 667.289 ; gain = 457.145
---------------------------------------------------------------------------------

Report RTL Partitions: 
+-+--------------+------------+----------+
| |RTL Partition |Replication |Instances |
+-+--------------+------------+----------+
+-+--------------+------------+----------+
---------------------------------------------------------------------------------
Start Technology Mapping
---------------------------------------------------------------------------------
---------------------------------------------------------------------------------
Finished Technology Mapping : Time (s): cpu = 00:00:31 ; elapsed = 00:00:35 . Memory (MB): peak = 667.289 ; gain = 457.145
---------------------------------------------------------------------------------

Report RTL Partitions: 
+-+--------------+------------+----------+
| |RTL Partition |Replication |Instances |
+-+--------------+------------+----------+
+-+--------------+------------+----------+
---------------------------------------------------------------------------------
Start IO Insertion
---------------------------------------------------------------------------------
---------------------------------------------------------------------------------
Start Flattening Before IO Insertion
---------------------------------------------------------------------------------
---------------------------------------------------------------------------------
Finished Flattening Before IO Insertion
---------------------------------------------------------------------------------
---------------------------------------------------------------------------------
Start Final Netlist Cleanup
---------------------------------------------------------------------------------
---------------------------------------------------------------------------------
Finished Final Netlist Cleanup
---------------------------------------------------------------------------------
---------------------------------------------------------------------------------
Finished IO Insertion : Time (s): cpu = 00:00:31 ; elapsed = 00:00:36 . Memory (MB): peak = 667.289 ; gain = 457.145
---------------------------------------------------------------------------------

Report Check Netlist: 
+------+------------------+-------+---------+-------+------------------+
|      |Item              |Errors |Warnings |Status |Description       |
+------+------------------+-------+---------+-------+------------------+
|1     |multi_driven_nets |      0|        0|Passed |Multi driven nets |
+------+------------------+-------+---------+-------+------------------+
---------------------------------------------------------------------------------
Start Renaming Generated Instances
---------------------------------------------------------------------------------
---------------------------------------------------------------------------------
Finished Renaming Generated Instances : Time (s): cpu = 00:00:31 ; elapsed = 00:00:36 . Memory (MB): peak = 667.289 ; gain = 457.145
---------------------------------------------------------------------------------

Report RTL Partitions: 
+-+--------------+------------+----------+
| |RTL Partition |Replication |Instances |
+-+--------------+------------+----------+
+-+--------------+------------+----------+
---------------------------------------------------------------------------------
Start Rebuilding User Hierarchy
---------------------------------------------------------------------------------
---------------------------------------------------------------------------------
Finished Rebuilding User Hierarchy : Time (s): cpu = 00:00:31 ; elapsed = 00:00:36 . Memory (MB): peak = 667.289 ; gain = 457.145
---------------------------------------------------------------------------------
---------------------------------------------------------------------------------
Start Renaming Generated Ports
---------------------------------------------------------------------------------
---------------------------------------------------------------------------------
Finished Renaming Generated Ports : Time (s): cpu = 00:00:31 ; elapsed = 00:00:36 . Memory (MB): peak = 667.289 ; gain = 457.145
---------------------------------------------------------------------------------
---------------------------------------------------------------------------------
Start Handling Custom Attributes
---------------------------------------------------------------------------------
---------------------------------------------------------------------------------
Finished Handling Custom Attributes : Time (s): cpu = 00:00:31 ; elapsed = 00:00:36 . Memory (MB): peak = 667.289 ; gain = 457.145
---------------------------------------------------------------------------------
---------------------------------------------------------------------------------
Start Renaming Generated Nets
---------------------------------------------------------------------------------
---------------------------------------------------------------------------------
Finished Renaming Generated Nets : Time (s): cpu = 00:00:31 ; elapsed = 00:00:36 . Memory (MB): peak = 667.289 ; gain = 457.145
---------------------------------------------------------------------------------
---------------------------------------------------------------------------------
Start Writing Synthesis Report
---------------------------------------------------------------------------------

Report BlackBoxes: 
+-+--------------+----------+
| |BlackBox name |Instances |
+-+--------------+----------+
+-+--------------+----------+

Report Cell Usage: 
+------+-------+------+
|      |Cell   |Count |
+------+-------+------+
|1     |LUT1   |     7|
|2     |LUT2   |    26|
|3     |LUT3   |    31|
|4     |LUT4   |    22|
|5     |LUT5   |    62|
|6     |LUT6   |    69|
|7     |FDRE   |    65|
|8     |FDSE   |    41|
|9     |OBUFDS |     4|
+------+-------+------+

Report Instance Areas: 
+------+---------------------+---------------+------+
|      |Instance             |Module         |Cells |
+------+---------------------+---------------+------+
|1     |top                  |               |   327|
|2     |  inst               |top_mine       |   327|
|3     |    gen              |generator      |   215|
|4     |    serializer_blue  |serializer     |    12|
|5     |    serializer_green |serializer_0   |    12|
|6     |    serializer_red   |serializer_1   |    12|
|7     |    tmds_blue        |tmds_encoder   |    24|
|8     |    tmds_green       |tmds_encoder_2 |    24|
|9     |    tmds_red         |tmds_encoder_3 |    24|
+------+---------------------+---------------+------+
---------------------------------------------------------------------------------
Finished Writing Synthesis Report : Time (s): cpu = 00:00:31 ; elapsed = 00:00:36 . Memory (MB): peak = 667.289 ; gain = 457.145
---------------------------------------------------------------------------------
Synthesis finished with 0 errors, 0 critical warnings and 0 warnings.
Synthesis Optimization Runtime : Time (s): cpu = 00:00:17 ; elapsed = 00:00:23 . Memory (MB): peak = 667.289 ; gain = 112.352
Synthesis Optimization Complete : Time (s): cpu = 00:00:31 ; elapsed = 00:00:36 . Memory (MB): peak = 667.289 ; gain = 457.145
INFO: [Project 1-571] Translating synthesized netlist
INFO: [Netlist 29-17] Analyzing 4 Unisim elements for replacement
INFO: [Netlist 29-28] Unisim Transformation completed in 0 CPU seconds
INFO: [Project 1-570] Preparing netlist for logic optimization
Parsing XDC File [e:/STUDIA/PUF/niegotowiec/niegotowiec.srcs/sources_1/bd/design_1/ip/design_1_top_mine_0_0/constrs_1/new/cons.xdc] for cell 'inst'
Finished Parsing XDC File [e:/STUDIA/PUF/niegotowiec/niegotowiec.srcs/sources_1/bd/design_1/ip/design_1_top_mine_0_0/constrs_1/new/cons.xdc] for cell 'inst'
INFO: [Opt 31-138] Pushed 0 inverter(s) to 0 load pin(s).
INFO: [Project 1-111] Unisim Transformation Summary:
  A total of 4 instances were transformed.
  OBUFDS => OBUFDS: 4 instances

INFO: [Common 17-83] Releasing license: Synthesis
38 Infos, 0 Warnings, 0 Critical Warnings and 0 Errors encountered.
synth_design completed successfully
synth_design: Time (s): cpu = 00:00:31 ; elapsed = 00:00:33 . Memory (MB): peak = 667.289 ; gain = 456.133
INFO: [Common 17-1381] The checkpoint 'E:/STUDIA/PUF/niegotowiec/niegotowiec.runs/design_1_top_mine_0_0_synth_1/design_1_top_mine_0_0.dcp' has been generated.
